CRITICAL - 2021-04-23 04:43:34 --> Class 'App\Controllers\Admin\BaseController' not found
#0 /home/mkalister/php/simpleshop/system/Autoloader/Autoloader.php(365): require_once()
#1 /home/mkalister/php/simpleshop/system/Autoloader/Autoloader.php(296): CodeIgniter\Autoloader\Autoloader->requireFile()
#2 /home/mkalister/php/simpleshop/system/Autoloader/Autoloader.php(258): CodeIgniter\Autoloader\Autoloader->loadInNamespace()
#3 [internal function]: CodeIgniter\Autoloader\Autoloader->loadClass()
#4 /home/mkalister/php/simpleshop/app/Controllers/Admin/Sitetypes.php(4): spl_autoload_call()
#5 /home/mkalister/php/simpleshop/system/Router/Router.php(583): include_once('/home/mkalister...')
#6 /home/mkalister/php/simpleshop/system/Router/Router.php(195): CodeIgniter\Router\Router->autoRoute()
#7 /home/mkalister/php/simpleshop/system/CodeIgniter.php(793): CodeIgniter\Router\Router->handle()
#8 /home/mkalister/php/simpleshop/system/CodeIgniter.php(364): CodeIgniter\CodeIgniter->tryToRouteIt()
#9 /home/mkalister/php/simpleshop/system/CodeIgniter.php(312): CodeIgniter\CodeIgniter->handleRequest()
#10 /home/mkalister/php/simpleshop/public/index.php(45): CodeIgniter\CodeIgniter->run()
#11 /home/mkalister/php/simpleshop/system/Commands/Server/rewrite.php(34): require_once('/home/mkalister...')
#12 {main}
CRITICAL - 2021-04-23 04:44:49 --> Class 'App\Controllers\Admin\BaseController' not found
#0 /home/mkalister/php/simpleshop/system/Autoloader/Autoloader.php(365): require_once()
#1 /home/mkalister/php/simpleshop/system/Autoloader/Autoloader.php(296): CodeIgniter\Autoloader\Autoloader->requireFile()
#2 /home/mkalister/php/simpleshop/system/Autoloader/Autoloader.php(258): CodeIgniter\Autoloader\Autoloader->loadInNamespace()
#3 [internal function]: CodeIgniter\Autoloader\Autoloader->loadClass()
#4 /home/mkalister/php/simpleshop/app/Controllers/Admin/Sitetypes.php(4): spl_autoload_call()
#5 /home/mkalister/php/simpleshop/system/Router/Router.php(583): include_once('/home/mkalister...')
#6 /home/mkalister/php/simpleshop/system/Router/Router.php(195): CodeIgniter\Router\Router->autoRoute()
#7 /home/mkalister/php/simpleshop/system/CodeIgniter.php(793): CodeIgniter\Router\Router->handle()
#8 /home/mkalister/php/simpleshop/system/CodeIgniter.php(364): CodeIgniter\CodeIgniter->tryToRouteIt()
#9 /home/mkalister/php/simpleshop/system/CodeIgniter.php(312): CodeIgniter\CodeIgniter->handleRequest()
#10 /home/mkalister/php/simpleshop/public/index.php(45): CodeIgniter\CodeIgniter->run()
#11 /home/mkalister/php/simpleshop/system/Commands/Server/rewrite.php(34): require_once('/home/mkalister...')
#12 {main}
CRITICAL - 2021-04-23 04:45:36 --> Class 'App\Controllers\Admin\App\Models\Sitetypes' not found
#0 /home/mkalister/php/simpleshop/system/CodeIgniter.php(918): App\Controllers\Admin\Sitetypes->index()
#1 /home/mkalister/php/simpleshop/system/CodeIgniter.php(404): CodeIgniter\CodeIgniter->runController()
#2 /home/mkalister/php/simpleshop/system/CodeIgniter.php(312): CodeIgniter\CodeIgniter->handleRequest()
#3 /home/mkalister/php/simpleshop/public/index.php(45): CodeIgniter\CodeIgniter->run()
#4 /home/mkalister/php/simpleshop/system/Commands/Server/rewrite.php(34): require_once('/home/mkalister...')
#5 {main}
CRITICAL - 2021-04-23 04:45:53 --> Class 'App\Controllers\Admin\App\Models\Sitetype' not found
#0 /home/mkalister/php/simpleshop/system/CodeIgniter.php(918): App\Controllers\Admin\Sitetypes->index()
#1 /home/mkalister/php/simpleshop/system/CodeIgniter.php(404): CodeIgniter\CodeIgniter->runController()
#2 /home/mkalister/php/simpleshop/system/CodeIgniter.php(312): CodeIgniter\CodeIgniter->handleRequest()
#3 /home/mkalister/php/simpleshop/public/index.php(45): CodeIgniter\CodeIgniter->run()
#4 /home/mkalister/php/simpleshop/system/Commands/Server/rewrite.php(34): require_once('/home/mkalister...')
#5 {main}
CRITICAL - 2021-04-23 04:46:08 --> syntax error, unexpected '$table' (T_VARIABLE), expecting function (T_FUNCTION) or const (T_CONST)
#0 /home/mkalister/php/simpleshop/system/Autoloader/Autoloader.php(296): CodeIgniter\Autoloader\Autoloader->requireFile()
#1 /home/mkalister/php/simpleshop/system/Autoloader/Autoloader.php(258): CodeIgniter\Autoloader\Autoloader->loadInNamespace()
#2 [internal function]: CodeIgniter\Autoloader\Autoloader->loadClass()
#3 /home/mkalister/php/simpleshop/app/Controllers/Admin/Sitetypes.php(6): spl_autoload_call()
#4 /home/mkalister/php/simpleshop/system/CodeIgniter.php(918): App\Controllers\Admin\Sitetypes->index()
#5 /home/mkalister/php/simpleshop/system/CodeIgniter.php(404): CodeIgniter\CodeIgniter->runController()
#6 /home/mkalister/php/simpleshop/system/CodeIgniter.php(312): CodeIgniter\CodeIgniter->handleRequest()
#7 /home/mkalister/php/simpleshop/public/index.php(45): CodeIgniter\CodeIgniter->run()
#8 /home/mkalister/php/simpleshop/system/Commands/Server/rewrite.php(34): require_once('/home/mkalister...')
#9 {main}
CRITICAL - 2021-04-23 04:46:30 --> syntax error, unexpected '$table' (T_VARIABLE), expecting '='
#0 /home/mkalister/php/simpleshop/system/Autoloader/Autoloader.php(296): CodeIgniter\Autoloader\Autoloader->requireFile()
#1 /home/mkalister/php/simpleshop/system/Autoloader/Autoloader.php(258): CodeIgniter\Autoloader\Autoloader->loadInNamespace()
#2 [internal function]: CodeIgniter\Autoloader\Autoloader->loadClass()
#3 /home/mkalister/php/simpleshop/app/Controllers/Admin/Sitetypes.php(6): spl_autoload_call()
#4 /home/mkalister/php/simpleshop/system/CodeIgniter.php(918): App\Controllers\Admin\Sitetypes->index()
#5 /home/mkalister/php/simpleshop/system/CodeIgniter.php(404): CodeIgniter\CodeIgniter->runController()
#6 /home/mkalister/php/simpleshop/system/CodeIgniter.php(312): CodeIgniter\CodeIgniter->handleRequest()
#7 /home/mkalister/php/simpleshop/public/index.php(45): CodeIgniter\CodeIgniter->run()
#8 /home/mkalister/php/simpleshop/system/Commands/Server/rewrite.php(34): require_once('/home/mkalister...')
#9 {main}
CRITICAL - 2021-04-23 04:46:59 --> Class 'App\Models\Model' not found
#0 /home/mkalister/php/simpleshop/system/Autoloader/Autoloader.php(365): require_once()
#1 /home/mkalister/php/simpleshop/system/Autoloader/Autoloader.php(296): CodeIgniter\Autoloader\Autoloader->requireFile()
#2 /home/mkalister/php/simpleshop/system/Autoloader/Autoloader.php(258): CodeIgniter\Autoloader\Autoloader->loadInNamespace()
#3 [internal function]: CodeIgniter\Autoloader\Autoloader->loadClass()
#4 /home/mkalister/php/simpleshop/app/Controllers/Admin/Sitetypes.php(6): spl_autoload_call()
#5 /home/mkalister/php/simpleshop/system/CodeIgniter.php(918): App\Controllers\Admin\Sitetypes->index()
#6 /home/mkalister/php/simpleshop/system/CodeIgniter.php(404): CodeIgniter\CodeIgniter->runController()
#7 /home/mkalister/php/simpleshop/system/CodeIgniter.php(312): CodeIgniter\CodeIgniter->handleRequest()
#8 /home/mkalister/php/simpleshop/public/index.php(45): CodeIgniter\CodeIgniter->run()
#9 /home/mkalister/php/simpleshop/system/Commands/Server/rewrite.php(34): require_once('/home/mkalister...')
#10 {main}
CRITICAL - 2021-04-23 04:47:26 --> Allowed fields must be specified for model: App\Models\Sitetype
#0 /home/mkalister/php/simpleshop/system/Model.php(1265): CodeIgniter\Database\Exceptions\DataException::forInvalidAllowedFields()
#1 /home/mkalister/php/simpleshop/system/Model.php(735): CodeIgniter\Model->doProtectFields()
#2 /home/mkalister/php/simpleshop/app/Controllers/Admin/Sitetypes.php(12): CodeIgniter\Model->insert()
#3 /home/mkalister/php/simpleshop/system/CodeIgniter.php(918): App\Controllers\Admin\Sitetypes->add()
#4 /home/mkalister/php/simpleshop/system/CodeIgniter.php(404): CodeIgniter\CodeIgniter->runController()
#5 /home/mkalister/php/simpleshop/system/CodeIgniter.php(312): CodeIgniter\CodeIgniter->handleRequest()
#6 /home/mkalister/php/simpleshop/public/index.php(45): CodeIgniter\CodeIgniter->run()
#7 /home/mkalister/php/simpleshop/system/Commands/Server/rewrite.php(34): require_once('/home/mkalister...')
#8 {main}
CRITICAL - 2021-04-23 04:48:02 --> syntax error, unexpected '}', expecting ';' or ','
#0 /home/mkalister/php/simpleshop/system/Autoloader/Autoloader.php(296): CodeIgniter\Autoloader\Autoloader->requireFile()
#1 /home/mkalister/php/simpleshop/system/Autoloader/Autoloader.php(258): CodeIgniter\Autoloader\Autoloader->loadInNamespace()
#2 [internal function]: CodeIgniter\Autoloader\Autoloader->loadClass()
#3 /home/mkalister/php/simpleshop/app/Controllers/Admin/Sitetypes.php(11): spl_autoload_call()
#4 /home/mkalister/php/simpleshop/system/CodeIgniter.php(918): App\Controllers\Admin\Sitetypes->add()
#5 /home/mkalister/php/simpleshop/system/CodeIgniter.php(404): CodeIgniter\CodeIgniter->runController()
#6 /home/mkalister/php/simpleshop/system/CodeIgniter.php(312): CodeIgniter\CodeIgniter->handleRequest()
#7 /home/mkalister/php/simpleshop/public/index.php(45): CodeIgniter\CodeIgniter->run()
#8 /home/mkalister/php/simpleshop/system/Commands/Server/rewrite.php(34): require_once('/home/mkalister...')
#9 {main}
CRITICAL - 2021-04-23 04:48:12 --> Call to undefined method App\Controllers\Admin\Sitetypes::helper()
#0 /home/mkalister/php/simpleshop/system/CodeIgniter.php(918): App\Controllers\Admin\Sitetypes->add()
#1 /home/mkalister/php/simpleshop/system/CodeIgniter.php(404): CodeIgniter\CodeIgniter->runController()
#2 /home/mkalister/php/simpleshop/system/CodeIgniter.php(312): CodeIgniter\CodeIgniter->handleRequest()
#3 /home/mkalister/php/simpleshop/public/index.php(45): CodeIgniter\CodeIgniter->run()
#4 /home/mkalister/php/simpleshop/system/Commands/Server/rewrite.php(34): require_once('/home/mkalister...')
#5 {main}
CRITICAL - 2021-04-23 04:48:35 --> Call to a member function helper() on null
#0 /home/mkalister/php/simpleshop/system/CodeIgniter.php(918): App\Controllers\Admin\Sitetypes->add()
#1 /home/mkalister/php/simpleshop/system/CodeIgniter.php(404): CodeIgniter\CodeIgniter->runController()
#2 /home/mkalister/php/simpleshop/system/CodeIgniter.php(312): CodeIgniter\CodeIgniter->handleRequest()
#3 /home/mkalister/php/simpleshop/public/index.php(45): CodeIgniter\CodeIgniter->run()
#4 /home/mkalister/php/simpleshop/system/Commands/Server/rewrite.php(34): require_once('/home/mkalister...')
#5 {main}
CRITICAL - 2021-04-23 04:48:40 -->  route cannot be found while reverse-routing.
#0 /home/mkalister/php/simpleshop/system/HTTP/RedirectResponse.php(92): CodeIgniter\HTTP\Exceptions\HTTPException::forInvalidRedirectRoute()
#1 /home/mkalister/php/simpleshop/system/Common.php(845): CodeIgniter\HTTP\RedirectResponse->route()
#2 /home/mkalister/php/simpleshop/app/Controllers/Admin/Sitetypes.php(14): redirect()
#3 /home/mkalister/php/simpleshop/system/CodeIgniter.php(918): App\Controllers\Admin\Sitetypes->add()
#4 /home/mkalister/php/simpleshop/system/CodeIgniter.php(404): CodeIgniter\CodeIgniter->runController()
#5 /home/mkalister/php/simpleshop/system/CodeIgniter.php(312): CodeIgniter\CodeIgniter->handleRequest()
#6 /home/mkalister/php/simpleshop/public/index.php(45): CodeIgniter\CodeIgniter->run()
#7 /home/mkalister/php/simpleshop/system/Commands/Server/rewrite.php(34): require_once('/home/mkalister...')
#8 {main}
CRITICAL - 2021-04-23 08:55:43 --> syntax error, unexpected end of file
#0 /home/mkalister/php/simpleshop/system/Common.php(1119): CodeIgniter\View\View->render()
#1 /home/mkalister/php/simpleshop/app/Controllers/Usergate.php(10): view()
#2 /home/mkalister/php/simpleshop/system/CodeIgniter.php(918): App\Controllers\Usergate->register()
#3 /home/mkalister/php/simpleshop/system/CodeIgniter.php(404): CodeIgniter\CodeIgniter->runController()
#4 /home/mkalister/php/simpleshop/system/CodeIgniter.php(312): CodeIgniter\CodeIgniter->handleRequest()
#5 /home/mkalister/php/simpleshop/public/index.php(45): CodeIgniter\CodeIgniter->run()
#6 /home/mkalister/php/simpleshop/system/Commands/Server/rewrite.php(34): require_once('/home/mkalister...')
#7 {main}
CRITICAL - 2021-04-23 13:40:52 --> Call to undefined method App\Models\Sitetype::fetchAll
#0 /home/mkalister/php/simpleshop/app/Controllers/Mainpage.php(8): CodeIgniter\Model->__call()
#1 /home/mkalister/php/simpleshop/system/CodeIgniter.php(918): App\Controllers\Mainpage->index()
#2 /home/mkalister/php/simpleshop/system/CodeIgniter.php(404): CodeIgniter\CodeIgniter->runController()
#3 /home/mkalister/php/simpleshop/system/CodeIgniter.php(312): CodeIgniter\CodeIgniter->handleRequest()
#4 /home/mkalister/php/simpleshop/public/index.php(45): CodeIgniter\CodeIgniter->run()
#5 /home/mkalister/php/simpleshop/system/Commands/Server/rewrite.php(34): require_once('/home/mkalister...')
#6 {main}
CRITICAL - 2021-04-23 13:41:05 --> Call to undefined method App\Models\Sitetype::fetchAll
#0 /home/mkalister/php/simpleshop/app/Controllers/Mainpage.php(8): CodeIgniter\Model->__call()
#1 /home/mkalister/php/simpleshop/system/CodeIgniter.php(918): App\Controllers\Mainpage->index()
#2 /home/mkalister/php/simpleshop/system/CodeIgniter.php(404): CodeIgniter\CodeIgniter->runController()
#3 /home/mkalister/php/simpleshop/system/CodeIgniter.php(312): CodeIgniter\CodeIgniter->handleRequest()
#4 /home/mkalister/php/simpleshop/public/index.php(45): CodeIgniter\CodeIgniter->run()
#5 /home/mkalister/php/simpleshop/system/Commands/Server/rewrite.php(34): require_once('/home/mkalister...')
#6 {main}
