CRITICAL - 2021-04-26 06:40:59 --> Argument 1 passed to App\Libraries\User::__construct() must be of the type int, null given, called in /home/mkalister/php/simpleshop/app/Libraries/User.php on line 24
#0 /home/mkalister/php/simpleshop/app/Libraries/User.php(24): App\Libraries\User->__construct()
#1 /home/mkalister/php/simpleshop/app/Controllers/Usergate.php(26): App\Libraries\User::login()
#2 /home/mkalister/php/simpleshop/system/CodeIgniter.php(918): App\Controllers\Usergate->login_process()
#3 /home/mkalister/php/simpleshop/system/CodeIgniter.php(404): CodeIgniter\CodeIgniter->runController()
#4 /home/mkalister/php/simpleshop/system/CodeIgniter.php(312): CodeIgniter\CodeIgniter->handleRequest()
#5 /home/mkalister/php/simpleshop/public/index.php(45): CodeIgniter\CodeIgniter->run()
#6 /home/mkalister/php/simpleshop/system/Commands/Server/rewrite.php(34): require_once('/home/mkalister...')
#7 {main}
CRITICAL - 2021-04-26 06:41:16 --> Argument 1 passed to App\Libraries\User::__construct() must be of the type int, null given, called in /home/mkalister/php/simpleshop/app/Libraries/User.php on line 24
#0 /home/mkalister/php/simpleshop/app/Libraries/User.php(24): App\Libraries\User->__construct()
#1 /home/mkalister/php/simpleshop/app/Controllers/Usergate.php(26): App\Libraries\User::login()
#2 /home/mkalister/php/simpleshop/system/CodeIgniter.php(918): App\Controllers\Usergate->login_process()
#3 /home/mkalister/php/simpleshop/system/CodeIgniter.php(404): CodeIgniter\CodeIgniter->runController()
#4 /home/mkalister/php/simpleshop/system/CodeIgniter.php(312): CodeIgniter\CodeIgniter->handleRequest()
#5 /home/mkalister/php/simpleshop/public/index.php(45): CodeIgniter\CodeIgniter->run()
#6 /home/mkalister/php/simpleshop/system/Commands/Server/rewrite.php(34): require_once('/home/mkalister...')
#7 {main}
CRITICAL - 2021-04-26 06:42:29 --> Argument 1 passed to App\Libraries\User::__construct() must be of the type int, null given, called in /home/mkalister/php/simpleshop/app/Libraries/User.php on line 23
#0 /home/mkalister/php/simpleshop/app/Libraries/User.php(23): App\Libraries\User->__construct()
#1 /home/mkalister/php/simpleshop/app/Controllers/Usergate.php(26): App\Libraries\User::login()
#2 /home/mkalister/php/simpleshop/system/CodeIgniter.php(918): App\Controllers\Usergate->login_process()
#3 /home/mkalister/php/simpleshop/system/CodeIgniter.php(404): CodeIgniter\CodeIgniter->runController()
#4 /home/mkalister/php/simpleshop/system/CodeIgniter.php(312): CodeIgniter\CodeIgniter->handleRequest()
#5 /home/mkalister/php/simpleshop/public/index.php(45): CodeIgniter\CodeIgniter->run()
#6 /home/mkalister/php/simpleshop/system/Commands/Server/rewrite.php(34): require_once('/home/mkalister...')
#7 {main}
CRITICAL - 2021-04-26 06:42:44 --> Argument 1 passed to App\Libraries\User::__construct() must be of the type int, null given, called in /home/mkalister/php/simpleshop/app/Libraries/User.php on line 23
#0 /home/mkalister/php/simpleshop/app/Libraries/User.php(23): App\Libraries\User->__construct()
#1 /home/mkalister/php/simpleshop/app/Controllers/Usergate.php(26): App\Libraries\User::login()
#2 /home/mkalister/php/simpleshop/system/CodeIgniter.php(918): App\Controllers\Usergate->login_process()
#3 /home/mkalister/php/simpleshop/system/CodeIgniter.php(404): CodeIgniter\CodeIgniter->runController()
#4 /home/mkalister/php/simpleshop/system/CodeIgniter.php(312): CodeIgniter\CodeIgniter->handleRequest()
#5 /home/mkalister/php/simpleshop/public/index.php(45): CodeIgniter\CodeIgniter->run()
#6 /home/mkalister/php/simpleshop/system/Commands/Server/rewrite.php(34): require_once('/home/mkalister...')
#7 {main}
CRITICAL - 2021-04-26 06:42:59 --> Argument 1 passed to App\Libraries\User::__construct() must be of the type int, null given, called in /home/mkalister/php/simpleshop/app/Libraries/User.php on line 23
#0 /home/mkalister/php/simpleshop/app/Libraries/User.php(23): App\Libraries\User->__construct()
#1 /home/mkalister/php/simpleshop/app/Controllers/Usergate.php(26): App\Libraries\User::login()
#2 /home/mkalister/php/simpleshop/system/CodeIgniter.php(918): App\Controllers\Usergate->login_process()
#3 /home/mkalister/php/simpleshop/system/CodeIgniter.php(404): CodeIgniter\CodeIgniter->runController()
#4 /home/mkalister/php/simpleshop/system/CodeIgniter.php(312): CodeIgniter\CodeIgniter->handleRequest()
#5 /home/mkalister/php/simpleshop/public/index.php(45): CodeIgniter\CodeIgniter->run()
#6 /home/mkalister/php/simpleshop/system/Commands/Server/rewrite.php(34): require_once('/home/mkalister...')
#7 {main}
CRITICAL - 2021-04-26 07:36:32 --> Call to undefined method App\Libraries\User::create_shop()
#0 /home/mkalister/php/simpleshop/system/CodeIgniter.php(918): App\Controllers\Home->test_seller()
#1 /home/mkalister/php/simpleshop/system/CodeIgniter.php(404): CodeIgniter\CodeIgniter->runController()
#2 /home/mkalister/php/simpleshop/system/CodeIgniter.php(312): CodeIgniter\CodeIgniter->handleRequest()
#3 /home/mkalister/php/simpleshop/public/index.php(45): CodeIgniter\CodeIgniter->run()
#4 /home/mkalister/php/simpleshop/system/Commands/Server/rewrite.php(34): require_once('/home/mkalister...')
#5 {main}
CRITICAL - 2021-04-26 07:42:06 --> Call to undefined method App\Libraries\User::create_shop()
#0 /home/mkalister/php/simpleshop/system/CodeIgniter.php(918): App\Controllers\Home->test_seller()
#1 /home/mkalister/php/simpleshop/system/CodeIgniter.php(404): CodeIgniter\CodeIgniter->runController()
#2 /home/mkalister/php/simpleshop/system/CodeIgniter.php(312): CodeIgniter\CodeIgniter->handleRequest()
#3 /home/mkalister/php/simpleshop/public/index.php(45): CodeIgniter\CodeIgniter->run()
#4 /home/mkalister/php/simpleshop/system/Commands/Server/rewrite.php(34): require_once('/home/mkalister...')
#5 {main}
CRITICAL - 2021-04-26 07:44:25 --> Argument 1 passed to App\Libraries\Shop::create() must be of the type int, null given, called in /home/mkalister/php/simpleshop/app/Libraries/Seller.php on line 14
#0 /home/mkalister/php/simpleshop/app/Libraries/Seller.php(14): App\Libraries\Shop::create()
#1 /home/mkalister/php/simpleshop/app/Controllers/Home.php(14): App\Libraries\Seller->create_shop()
#2 /home/mkalister/php/simpleshop/system/CodeIgniter.php(918): App\Controllers\Home->test_seller()
#3 /home/mkalister/php/simpleshop/system/CodeIgniter.php(404): CodeIgniter\CodeIgniter->runController()
#4 /home/mkalister/php/simpleshop/system/CodeIgniter.php(312): CodeIgniter\CodeIgniter->handleRequest()
#5 /home/mkalister/php/simpleshop/public/index.php(45): CodeIgniter\CodeIgniter->run()
#6 /home/mkalister/php/simpleshop/system/Commands/Server/rewrite.php(34): require_once('/home/mkalister...')
#7 {main}
CRITICAL - 2021-04-26 07:44:52 --> Class 'App\Libraries\DateTime' not found
#0 /home/mkalister/php/simpleshop/app/Libraries/Seller.php(14): App\Libraries\Shop::create()
#1 /home/mkalister/php/simpleshop/app/Controllers/Home.php(14): App\Libraries\Seller->create_shop()
#2 /home/mkalister/php/simpleshop/system/CodeIgniter.php(918): App\Controllers\Home->test_seller()
#3 /home/mkalister/php/simpleshop/system/CodeIgniter.php(404): CodeIgniter\CodeIgniter->runController()
#4 /home/mkalister/php/simpleshop/system/CodeIgniter.php(312): CodeIgniter\CodeIgniter->handleRequest()
#5 /home/mkalister/php/simpleshop/public/index.php(45): CodeIgniter\CodeIgniter->run()
#6 /home/mkalister/php/simpleshop/system/Commands/Server/rewrite.php(34): require_once('/home/mkalister...')
#7 {main}
CRITICAL - 2021-04-26 07:49:06 --> Argument 1 passed to App\Libraries\Shop::fill_current() must be of the type array, null given, called in /home/mkalister/php/simpleshop/app/Libraries/Shop.php on line 26
#0 /home/mkalister/php/simpleshop/app/Libraries/Shop.php(26): App\Libraries\Shop->fill_current()
#1 /home/mkalister/php/simpleshop/app/Libraries/Shop.php(13): App\Libraries\Shop->from_db()
#2 /home/mkalister/php/simpleshop/app/Libraries/Seller.php(8): App\Libraries\Shop->__construct()
#3 /home/mkalister/php/simpleshop/app/Libraries/Seller.php(11): App\Libraries\Seller->__construct()
#4 /home/mkalister/php/simpleshop/app/Libraries/User.php(13): App\Libraries\Seller::create_user()
#5 /home/mkalister/php/simpleshop/app/Controllers/Home.php(12): App\Libraries\User::create()
#6 /home/mkalister/php/simpleshop/system/CodeIgniter.php(918): App\Controllers\Home->test_seller()
#7 /home/mkalister/php/simpleshop/system/CodeIgniter.php(404): CodeIgniter\CodeIgniter->runController()
#8 /home/mkalister/php/simpleshop/system/CodeIgniter.php(312): CodeIgniter\CodeIgniter->handleRequest()
#9 /home/mkalister/php/simpleshop/public/index.php(45): CodeIgniter\CodeIgniter->run()
#10 /home/mkalister/php/simpleshop/system/Commands/Server/rewrite.php(34): require_once('/home/mkalister...')
#11 {main}
CRITICAL - 2021-04-26 07:50:56 --> Argument 1 passed to App\Libraries\Shop::fill_current() must be of the type array, null given, called in /home/mkalister/php/simpleshop/app/Libraries/Shop.php on line 26
#0 /home/mkalister/php/simpleshop/app/Libraries/Shop.php(26): App\Libraries\Shop->fill_current()
#1 /home/mkalister/php/simpleshop/app/Libraries/Shop.php(13): App\Libraries\Shop->from_db()
#2 /home/mkalister/php/simpleshop/app/Libraries/Seller.php(8): App\Libraries\Shop->__construct()
#3 /home/mkalister/php/simpleshop/app/Libraries/Seller.php(11): App\Libraries\Seller->__construct()
#4 /home/mkalister/php/simpleshop/app/Libraries/User.php(13): App\Libraries\Seller::create_user()
#5 /home/mkalister/php/simpleshop/app/Controllers/Home.php(12): App\Libraries\User::create()
#6 /home/mkalister/php/simpleshop/system/CodeIgniter.php(918): App\Controllers\Home->test_seller()
#7 /home/mkalister/php/simpleshop/system/CodeIgniter.php(404): CodeIgniter\CodeIgniter->runController()
#8 /home/mkalister/php/simpleshop/system/CodeIgniter.php(312): CodeIgniter\CodeIgniter->handleRequest()
#9 /home/mkalister/php/simpleshop/public/index.php(45): CodeIgniter\CodeIgniter->run()
#10 /home/mkalister/php/simpleshop/system/Commands/Server/rewrite.php(34): require_once('/home/mkalister...')
#11 {main}
CRITICAL - 2021-04-26 07:51:51 --> Argument 1 passed to App\Libraries\Shop::fill_current() must be of the type array, null given, called in /home/mkalister/php/simpleshop/app/Libraries/Shop.php on line 27
#0 /home/mkalister/php/simpleshop/app/Libraries/Shop.php(27): App\Libraries\Shop->fill_current()
#1 /home/mkalister/php/simpleshop/app/Libraries/Shop.php(13): App\Libraries\Shop->from_db()
#2 /home/mkalister/php/simpleshop/app/Libraries/Seller.php(8): App\Libraries\Shop->__construct()
#3 /home/mkalister/php/simpleshop/app/Libraries/Seller.php(11): App\Libraries\Seller->__construct()
#4 /home/mkalister/php/simpleshop/app/Libraries/User.php(13): App\Libraries\Seller::create_user()
#5 /home/mkalister/php/simpleshop/app/Controllers/Home.php(12): App\Libraries\User::create()
#6 /home/mkalister/php/simpleshop/system/CodeIgniter.php(918): App\Controllers\Home->test_seller()
#7 /home/mkalister/php/simpleshop/system/CodeIgniter.php(404): CodeIgniter\CodeIgniter->runController()
#8 /home/mkalister/php/simpleshop/system/CodeIgniter.php(312): CodeIgniter\CodeIgniter->handleRequest()
#9 /home/mkalister/php/simpleshop/public/index.php(45): CodeIgniter\CodeIgniter->run()
#10 /home/mkalister/php/simpleshop/system/Commands/Server/rewrite.php(34): require_once('/home/mkalister...')
#11 {main}
CRITICAL - 2021-04-26 07:52:07 --> Argument 1 passed to App\Libraries\Shop::fill_current() must be of the type array, null given, called in /home/mkalister/php/simpleshop/app/Libraries/Shop.php on line 29
#0 /home/mkalister/php/simpleshop/app/Libraries/Shop.php(29): App\Libraries\Shop->fill_current()
#1 /home/mkalister/php/simpleshop/app/Libraries/Shop.php(13): App\Libraries\Shop->from_db()
#2 /home/mkalister/php/simpleshop/app/Libraries/Seller.php(8): App\Libraries\Shop->__construct()
#3 /home/mkalister/php/simpleshop/app/Libraries/Seller.php(11): App\Libraries\Seller->__construct()
#4 /home/mkalister/php/simpleshop/app/Libraries/User.php(13): App\Libraries\Seller::create_user()
#5 /home/mkalister/php/simpleshop/app/Controllers/Home.php(12): App\Libraries\User::create()
#6 /home/mkalister/php/simpleshop/system/CodeIgniter.php(918): App\Controllers\Home->test_seller()
#7 /home/mkalister/php/simpleshop/system/CodeIgniter.php(404): CodeIgniter\CodeIgniter->runController()
#8 /home/mkalister/php/simpleshop/system/CodeIgniter.php(312): CodeIgniter\CodeIgniter->handleRequest()
#9 /home/mkalister/php/simpleshop/public/index.php(45): CodeIgniter\CodeIgniter->run()
#10 /home/mkalister/php/simpleshop/system/Commands/Server/rewrite.php(34): require_once('/home/mkalister...')
#11 {main}
CRITICAL - 2021-04-26 07:52:31 --> Argument 1 passed to App\Libraries\Shop::fill_current() must be of the type array, string given, called in /home/mkalister/php/simpleshop/app/Libraries/Shop.php on line 28
#0 /home/mkalister/php/simpleshop/app/Libraries/Shop.php(28): App\Libraries\Shop->fill_current()
#1 /home/mkalister/php/simpleshop/app/Libraries/Shop.php(13): App\Libraries\Shop->from_db()
#2 /home/mkalister/php/simpleshop/app/Libraries/Seller.php(8): App\Libraries\Shop->__construct()
#3 /home/mkalister/php/simpleshop/app/Libraries/Seller.php(11): App\Libraries\Seller->__construct()
#4 /home/mkalister/php/simpleshop/app/Libraries/User.php(13): App\Libraries\Seller::create_user()
#5 /home/mkalister/php/simpleshop/app/Controllers/Home.php(12): App\Libraries\User::create()
#6 /home/mkalister/php/simpleshop/system/CodeIgniter.php(918): App\Controllers\Home->test_seller()
#7 /home/mkalister/php/simpleshop/system/CodeIgniter.php(404): CodeIgniter\CodeIgniter->runController()
#8 /home/mkalister/php/simpleshop/system/CodeIgniter.php(312): CodeIgniter\CodeIgniter->handleRequest()
#9 /home/mkalister/php/simpleshop/public/index.php(45): CodeIgniter\CodeIgniter->run()
#10 /home/mkalister/php/simpleshop/system/Commands/Server/rewrite.php(34): require_once('/home/mkalister...')
#11 {main}
CRITICAL - 2021-04-26 07:53:48 --> Argument 1 passed to App\Libraries\Shop::fill_current() must be of the type array, string given, called in /home/mkalister/php/simpleshop/app/Libraries/Shop.php on line 28
#0 /home/mkalister/php/simpleshop/app/Libraries/Shop.php(28): App\Libraries\Shop->fill_current()
#1 /home/mkalister/php/simpleshop/app/Libraries/Shop.php(13): App\Libraries\Shop->from_db()
#2 /home/mkalister/php/simpleshop/app/Libraries/Seller.php(8): App\Libraries\Shop->__construct()
#3 /home/mkalister/php/simpleshop/app/Libraries/Seller.php(11): App\Libraries\Seller->__construct()
#4 /home/mkalister/php/simpleshop/app/Libraries/User.php(13): App\Libraries\Seller::create_user()
#5 /home/mkalister/php/simpleshop/app/Controllers/Home.php(12): App\Libraries\User::create()
#6 /home/mkalister/php/simpleshop/system/CodeIgniter.php(918): App\Controllers\Home->test_seller()
#7 /home/mkalister/php/simpleshop/system/CodeIgniter.php(404): CodeIgniter\CodeIgniter->runController()
#8 /home/mkalister/php/simpleshop/system/CodeIgniter.php(312): CodeIgniter\CodeIgniter->handleRequest()
#9 /home/mkalister/php/simpleshop/public/index.php(45): CodeIgniter\CodeIgniter->run()
#10 /home/mkalister/php/simpleshop/system/Commands/Server/rewrite.php(34): require_once('/home/mkalister...')
#11 {main}
CRITICAL - 2021-04-26 07:55:04 --> Argument 1 passed to App\Libraries\Shop::fill_current() must be of the type array, string given, called in /home/mkalister/php/simpleshop/app/Libraries/Shop.php on line 28
#0 /home/mkalister/php/simpleshop/app/Libraries/Shop.php(28): App\Libraries\Shop->fill_current()
#1 /home/mkalister/php/simpleshop/app/Libraries/Shop.php(13): App\Libraries\Shop->from_db()
#2 /home/mkalister/php/simpleshop/app/Libraries/Seller.php(8): App\Libraries\Shop->__construct()
#3 /home/mkalister/php/simpleshop/app/Libraries/Seller.php(11): App\Libraries\Seller->__construct()
#4 /home/mkalister/php/simpleshop/app/Libraries/User.php(13): App\Libraries\Seller::create_user()
#5 /home/mkalister/php/simpleshop/app/Controllers/Home.php(12): App\Libraries\User::create()
#6 /home/mkalister/php/simpleshop/system/CodeIgniter.php(918): App\Controllers\Home->test_seller()
#7 /home/mkalister/php/simpleshop/system/CodeIgniter.php(404): CodeIgniter\CodeIgniter->runController()
#8 /home/mkalister/php/simpleshop/system/CodeIgniter.php(312): CodeIgniter\CodeIgniter->handleRequest()
#9 /home/mkalister/php/simpleshop/public/index.php(45): CodeIgniter\CodeIgniter->run()
#10 /home/mkalister/php/simpleshop/system/Commands/Server/rewrite.php(34): require_once('/home/mkalister...')
#11 {main}
CRITICAL - 2021-04-26 07:55:27 --> Argument 1 passed to App\Libraries\Shop::fill_current() must be of the type array, string given, called in /home/mkalister/php/simpleshop/app/Libraries/Shop.php on line 28
#0 /home/mkalister/php/simpleshop/app/Libraries/Shop.php(28): App\Libraries\Shop->fill_current()
#1 /home/mkalister/php/simpleshop/app/Libraries/Shop.php(13): App\Libraries\Shop->from_db()
#2 /home/mkalister/php/simpleshop/app/Libraries/Seller.php(8): App\Libraries\Shop->__construct()
#3 /home/mkalister/php/simpleshop/app/Libraries/Seller.php(11): App\Libraries\Seller->__construct()
#4 /home/mkalister/php/simpleshop/app/Libraries/User.php(13): App\Libraries\Seller::create_user()
#5 /home/mkalister/php/simpleshop/app/Controllers/Home.php(12): App\Libraries\User::create()
#6 /home/mkalister/php/simpleshop/system/CodeIgniter.php(918): App\Controllers\Home->test_seller()
#7 /home/mkalister/php/simpleshop/system/CodeIgniter.php(404): CodeIgniter\CodeIgniter->runController()
#8 /home/mkalister/php/simpleshop/system/CodeIgniter.php(312): CodeIgniter\CodeIgniter->handleRequest()
#9 /home/mkalister/php/simpleshop/public/index.php(45): CodeIgniter\CodeIgniter->run()
#10 /home/mkalister/php/simpleshop/system/Commands/Server/rewrite.php(34): require_once('/home/mkalister...')
#11 {main}
CRITICAL - 2021-04-26 07:55:35 --> Argument 1 passed to App\Libraries\Shop::fill_current() must be of the type array, string given, called in /home/mkalister/php/simpleshop/app/Libraries/Shop.php on line 28
#0 /home/mkalister/php/simpleshop/app/Libraries/Shop.php(28): App\Libraries\Shop->fill_current()
#1 /home/mkalister/php/simpleshop/app/Libraries/Shop.php(13): App\Libraries\Shop->from_db()
#2 /home/mkalister/php/simpleshop/app/Libraries/Seller.php(8): App\Libraries\Shop->__construct()
#3 /home/mkalister/php/simpleshop/app/Libraries/Seller.php(11): App\Libraries\Seller->__construct()
#4 /home/mkalister/php/simpleshop/app/Libraries/User.php(13): App\Libraries\Seller::create_user()
#5 /home/mkalister/php/simpleshop/app/Controllers/Home.php(12): App\Libraries\User::create()
#6 /home/mkalister/php/simpleshop/system/CodeIgniter.php(918): App\Controllers\Home->test_seller()
#7 /home/mkalister/php/simpleshop/system/CodeIgniter.php(404): CodeIgniter\CodeIgniter->runController()
#8 /home/mkalister/php/simpleshop/system/CodeIgniter.php(312): CodeIgniter\CodeIgniter->handleRequest()
#9 /home/mkalister/php/simpleshop/public/index.php(45): CodeIgniter\CodeIgniter->run()
#10 /home/mkalister/php/simpleshop/system/Commands/Server/rewrite.php(34): require_once('/home/mkalister...')
#11 {main}
CRITICAL - 2021-04-26 07:56:16 --> Argument 1 passed to App\Libraries\Shop::fill_current() must be of the type array, string given, called in /home/mkalister/php/simpleshop/app/Libraries/Shop.php on line 28
#0 /home/mkalister/php/simpleshop/app/Libraries/Shop.php(28): App\Libraries\Shop->fill_current()
#1 /home/mkalister/php/simpleshop/app/Libraries/Shop.php(13): App\Libraries\Shop->from_db()
#2 /home/mkalister/php/simpleshop/app/Libraries/Seller.php(8): App\Libraries\Shop->__construct()
#3 /home/mkalister/php/simpleshop/app/Libraries/Seller.php(11): App\Libraries\Seller->__construct()
#4 /home/mkalister/php/simpleshop/app/Libraries/User.php(13): App\Libraries\Seller::create_user()
#5 /home/mkalister/php/simpleshop/app/Controllers/Home.php(12): App\Libraries\User::create()
#6 /home/mkalister/php/simpleshop/system/CodeIgniter.php(918): App\Controllers\Home->test_seller()
#7 /home/mkalister/php/simpleshop/system/CodeIgniter.php(404): CodeIgniter\CodeIgniter->runController()
#8 /home/mkalister/php/simpleshop/system/CodeIgniter.php(312): CodeIgniter\CodeIgniter->handleRequest()
#9 /home/mkalister/php/simpleshop/public/index.php(45): CodeIgniter\CodeIgniter->run()
#10 /home/mkalister/php/simpleshop/system/Commands/Server/rewrite.php(34): require_once('/home/mkalister...')
#11 {main}
CRITICAL - 2021-04-26 07:57:45 --> Argument 1 passed to App\Libraries\Shop::fill_current() must be of the type array, string given, called in /home/mkalister/php/simpleshop/app/Libraries/Shop.php on line 28
#0 /home/mkalister/php/simpleshop/app/Libraries/Shop.php(28): App\Libraries\Shop->fill_current()
#1 /home/mkalister/php/simpleshop/app/Libraries/Shop.php(13): App\Libraries\Shop->from_db()
#2 /home/mkalister/php/simpleshop/app/Libraries/Seller.php(8): App\Libraries\Shop->__construct()
#3 /home/mkalister/php/simpleshop/app/Libraries/Seller.php(11): App\Libraries\Seller->__construct()
#4 /home/mkalister/php/simpleshop/app/Libraries/User.php(13): App\Libraries\Seller::create_user()
#5 /home/mkalister/php/simpleshop/app/Controllers/Home.php(12): App\Libraries\User::create()
#6 /home/mkalister/php/simpleshop/system/CodeIgniter.php(918): App\Controllers\Home->test_seller()
#7 /home/mkalister/php/simpleshop/system/CodeIgniter.php(404): CodeIgniter\CodeIgniter->runController()
#8 /home/mkalister/php/simpleshop/system/CodeIgniter.php(312): CodeIgniter\CodeIgniter->handleRequest()
#9 /home/mkalister/php/simpleshop/public/index.php(45): CodeIgniter\CodeIgniter->run()
#10 /home/mkalister/php/simpleshop/system/Commands/Server/rewrite.php(34): require_once('/home/mkalister...')
#11 {main}
CRITICAL - 2021-04-26 07:58:00 --> Argument 1 passed to App\Libraries\Shop::fill_current() must be of the type array, string given, called in /home/mkalister/php/simpleshop/app/Libraries/Shop.php on line 28
#0 /home/mkalister/php/simpleshop/app/Libraries/Shop.php(28): App\Libraries\Shop->fill_current()
#1 /home/mkalister/php/simpleshop/app/Libraries/Shop.php(13): App\Libraries\Shop->from_db()
#2 /home/mkalister/php/simpleshop/app/Libraries/Seller.php(8): App\Libraries\Shop->__construct()
#3 /home/mkalister/php/simpleshop/app/Libraries/Seller.php(11): App\Libraries\Seller->__construct()
#4 /home/mkalister/php/simpleshop/app/Libraries/User.php(13): App\Libraries\Seller::create_user()
#5 /home/mkalister/php/simpleshop/app/Controllers/Home.php(12): App\Libraries\User::create()
#6 /home/mkalister/php/simpleshop/system/CodeIgniter.php(918): App\Controllers\Home->test_seller()
#7 /home/mkalister/php/simpleshop/system/CodeIgniter.php(404): CodeIgniter\CodeIgniter->runController()
#8 /home/mkalister/php/simpleshop/system/CodeIgniter.php(312): CodeIgniter\CodeIgniter->handleRequest()
#9 /home/mkalister/php/simpleshop/public/index.php(45): CodeIgniter\CodeIgniter->run()
#10 /home/mkalister/php/simpleshop/system/Commands/Server/rewrite.php(34): require_once('/home/mkalister...')
#11 {main}
CRITICAL - 2021-04-26 07:58:57 --> Argument 1 passed to App\Libraries\Shop::fill_current() must be of the type array, string given, called in /home/mkalister/php/simpleshop/app/Libraries/Shop.php on line 28
#0 /home/mkalister/php/simpleshop/app/Libraries/Shop.php(28): App\Libraries\Shop->fill_current()
#1 /home/mkalister/php/simpleshop/app/Libraries/Shop.php(13): App\Libraries\Shop->from_db()
#2 /home/mkalister/php/simpleshop/app/Libraries/Seller.php(8): App\Libraries\Shop->__construct()
#3 /home/mkalister/php/simpleshop/app/Libraries/Seller.php(11): App\Libraries\Seller->__construct()
#4 /home/mkalister/php/simpleshop/app/Libraries/User.php(13): App\Libraries\Seller::create_user()
#5 /home/mkalister/php/simpleshop/app/Controllers/Home.php(12): App\Libraries\User::create()
#6 /home/mkalister/php/simpleshop/system/CodeIgniter.php(918): App\Controllers\Home->test_seller()
#7 /home/mkalister/php/simpleshop/system/CodeIgniter.php(404): CodeIgniter\CodeIgniter->runController()
#8 /home/mkalister/php/simpleshop/system/CodeIgniter.php(312): CodeIgniter\CodeIgniter->handleRequest()
#9 /home/mkalister/php/simpleshop/public/index.php(45): CodeIgniter\CodeIgniter->run()
#10 /home/mkalister/php/simpleshop/system/Commands/Server/rewrite.php(34): require_once('/home/mkalister...')
#11 {main}
CRITICAL - 2021-04-26 07:59:21 --> Argument 1 passed to App\Libraries\Shop::fill_current() must be of the type array, string given, called in /home/mkalister/php/simpleshop/app/Libraries/Shop.php on line 28
#0 /home/mkalister/php/simpleshop/app/Libraries/Shop.php(28): App\Libraries\Shop->fill_current()
#1 /home/mkalister/php/simpleshop/app/Libraries/Shop.php(13): App\Libraries\Shop->from_db()
#2 /home/mkalister/php/simpleshop/app/Libraries/Seller.php(8): App\Libraries\Shop->__construct()
#3 /home/mkalister/php/simpleshop/app/Libraries/Seller.php(11): App\Libraries\Seller->__construct()
#4 /home/mkalister/php/simpleshop/app/Libraries/User.php(13): App\Libraries\Seller::create_user()
#5 /home/mkalister/php/simpleshop/app/Controllers/Home.php(12): App\Libraries\User::create()
#6 /home/mkalister/php/simpleshop/system/CodeIgniter.php(918): App\Controllers\Home->test_seller()
#7 /home/mkalister/php/simpleshop/system/CodeIgniter.php(404): CodeIgniter\CodeIgniter->runController()
#8 /home/mkalister/php/simpleshop/system/CodeIgniter.php(312): CodeIgniter\CodeIgniter->handleRequest()
#9 /home/mkalister/php/simpleshop/public/index.php(45): CodeIgniter\CodeIgniter->run()
#10 /home/mkalister/php/simpleshop/system/Commands/Server/rewrite.php(34): require_once('/home/mkalister...')
#11 {main}
CRITICAL - 2021-04-26 07:59:54 --> Argument 1 passed to App\Libraries\Shop::fill_current() must be of the type array, null given, called in /home/mkalister/php/simpleshop/app/Libraries/Shop.php on line 26
#0 /home/mkalister/php/simpleshop/app/Libraries/Shop.php(26): App\Libraries\Shop->fill_current()
#1 /home/mkalister/php/simpleshop/app/Libraries/Shop.php(13): App\Libraries\Shop->from_db()
#2 /home/mkalister/php/simpleshop/app/Libraries/Seller.php(8): App\Libraries\Shop->__construct()
#3 /home/mkalister/php/simpleshop/app/Libraries/Seller.php(11): App\Libraries\Seller->__construct()
#4 /home/mkalister/php/simpleshop/app/Libraries/User.php(13): App\Libraries\Seller::create_user()
#5 /home/mkalister/php/simpleshop/app/Controllers/Home.php(12): App\Libraries\User::create()
#6 /home/mkalister/php/simpleshop/system/CodeIgniter.php(918): App\Controllers\Home->test_seller()
#7 /home/mkalister/php/simpleshop/system/CodeIgniter.php(404): CodeIgniter\CodeIgniter->runController()
#8 /home/mkalister/php/simpleshop/system/CodeIgniter.php(312): CodeIgniter\CodeIgniter->handleRequest()
#9 /home/mkalister/php/simpleshop/public/index.php(45): CodeIgniter\CodeIgniter->run()
#10 /home/mkalister/php/simpleshop/system/Commands/Server/rewrite.php(34): require_once('/home/mkalister...')
#11 {main}
CRITICAL - 2021-04-26 08:00:26 --> Argument 1 passed to App\Libraries\Shop::fill_current() must be of the type array, null given, called in /home/mkalister/php/simpleshop/app/Libraries/Shop.php on line 26
#0 /home/mkalister/php/simpleshop/app/Libraries/Shop.php(26): App\Libraries\Shop->fill_current()
#1 /home/mkalister/php/simpleshop/app/Libraries/Shop.php(13): App\Libraries\Shop->from_db()
#2 /home/mkalister/php/simpleshop/app/Libraries/Seller.php(8): App\Libraries\Shop->__construct()
#3 /home/mkalister/php/simpleshop/app/Libraries/Seller.php(11): App\Libraries\Seller->__construct()
#4 /home/mkalister/php/simpleshop/app/Libraries/User.php(13): App\Libraries\Seller::create_user()
#5 /home/mkalister/php/simpleshop/app/Controllers/Home.php(12): App\Libraries\User::create()
#6 /home/mkalister/php/simpleshop/system/CodeIgniter.php(918): App\Controllers\Home->test_seller()
#7 /home/mkalister/php/simpleshop/system/CodeIgniter.php(404): CodeIgniter\CodeIgniter->runController()
#8 /home/mkalister/php/simpleshop/system/CodeIgniter.php(312): CodeIgniter\CodeIgniter->handleRequest()
#9 /home/mkalister/php/simpleshop/public/index.php(45): CodeIgniter\CodeIgniter->run()
#10 /home/mkalister/php/simpleshop/system/Commands/Server/rewrite.php(34): require_once('/home/mkalister...')
#11 {main}
CRITICAL - 2021-04-26 08:00:56 --> Argument 1 passed to App\Libraries\Shop::fill_current() must be of the type array, null given, called in /home/mkalister/php/simpleshop/app/Libraries/Shop.php on line 26
#0 /home/mkalister/php/simpleshop/app/Libraries/Shop.php(26): App\Libraries\Shop->fill_current()
#1 /home/mkalister/php/simpleshop/app/Libraries/Shop.php(13): App\Libraries\Shop->from_db()
#2 /home/mkalister/php/simpleshop/app/Libraries/Seller.php(8): App\Libraries\Shop->__construct()
#3 /home/mkalister/php/simpleshop/app/Libraries/Seller.php(11): App\Libraries\Seller->__construct()
#4 /home/mkalister/php/simpleshop/app/Libraries/User.php(13): App\Libraries\Seller::create_user()
#5 /home/mkalister/php/simpleshop/app/Controllers/Home.php(12): App\Libraries\User::create()
#6 /home/mkalister/php/simpleshop/system/CodeIgniter.php(918): App\Controllers\Home->test_seller()
#7 /home/mkalister/php/simpleshop/system/CodeIgniter.php(404): CodeIgniter\CodeIgniter->runController()
#8 /home/mkalister/php/simpleshop/system/CodeIgniter.php(312): CodeIgniter\CodeIgniter->handleRequest()
#9 /home/mkalister/php/simpleshop/public/index.php(45): CodeIgniter\CodeIgniter->run()
#10 /home/mkalister/php/simpleshop/system/Commands/Server/rewrite.php(34): require_once('/home/mkalister...')
#11 {main}
CRITICAL - 2021-04-26 08:01:27 --> Argument 1 passed to App\Libraries\Shop::fill_current() must be of the type array, null given, called in /home/mkalister/php/simpleshop/app/Libraries/Shop.php on line 26
#0 /home/mkalister/php/simpleshop/app/Libraries/Shop.php(26): App\Libraries\Shop->fill_current()
#1 /home/mkalister/php/simpleshop/app/Libraries/Shop.php(13): App\Libraries\Shop->from_db()
#2 /home/mkalister/php/simpleshop/app/Libraries/Seller.php(8): App\Libraries\Shop->__construct()
#3 /home/mkalister/php/simpleshop/app/Libraries/Seller.php(11): App\Libraries\Seller->__construct()
#4 /home/mkalister/php/simpleshop/app/Libraries/User.php(13): App\Libraries\Seller::create_user()
#5 /home/mkalister/php/simpleshop/app/Controllers/Home.php(12): App\Libraries\User::create()
#6 /home/mkalister/php/simpleshop/system/CodeIgniter.php(918): App\Controllers\Home->test_seller()
#7 /home/mkalister/php/simpleshop/system/CodeIgniter.php(404): CodeIgniter\CodeIgniter->runController()
#8 /home/mkalister/php/simpleshop/system/CodeIgniter.php(312): CodeIgniter\CodeIgniter->handleRequest()
#9 /home/mkalister/php/simpleshop/public/index.php(45): CodeIgniter\CodeIgniter->run()
#10 /home/mkalister/php/simpleshop/system/Commands/Server/rewrite.php(34): require_once('/home/mkalister...')
#11 {main}
CRITICAL - 2021-04-26 08:04:11 --> Class 'App\Model\Shop' not found
#0 /home/mkalister/php/simpleshop/app/Libraries/Seller.php(8): App\Libraries\Seller->has_shop()
#1 /home/mkalister/php/simpleshop/app/Libraries/Seller.php(16): App\Libraries\Seller->__construct()
#2 /home/mkalister/php/simpleshop/app/Libraries/User.php(13): App\Libraries\Seller::create_user()
#3 /home/mkalister/php/simpleshop/app/Controllers/Home.php(12): App\Libraries\User::create()
#4 /home/mkalister/php/simpleshop/system/CodeIgniter.php(918): App\Controllers\Home->test_seller()
#5 /home/mkalister/php/simpleshop/system/CodeIgniter.php(404): CodeIgniter\CodeIgniter->runController()
#6 /home/mkalister/php/simpleshop/system/CodeIgniter.php(312): CodeIgniter\CodeIgniter->handleRequest()
#7 /home/mkalister/php/simpleshop/public/index.php(45): CodeIgniter\CodeIgniter->run()
#8 /home/mkalister/php/simpleshop/system/Commands/Server/rewrite.php(34): require_once('/home/mkalister...')
#9 {main}
CRITICAL - 2021-04-26 08:04:24 --> Call to undefined method App\Models\Shop::count
#0 /home/mkalister/php/simpleshop/app/Libraries/Seller.php(13): CodeIgniter\Model->__call()
#1 /home/mkalister/php/simpleshop/app/Libraries/Seller.php(8): App\Libraries\Seller->has_shop()
#2 /home/mkalister/php/simpleshop/app/Libraries/Seller.php(16): App\Libraries\Seller->__construct()
#3 /home/mkalister/php/simpleshop/app/Libraries/User.php(13): App\Libraries\Seller::create_user()
#4 /home/mkalister/php/simpleshop/app/Controllers/Home.php(12): App\Libraries\User::create()
#5 /home/mkalister/php/simpleshop/system/CodeIgniter.php(918): App\Controllers\Home->test_seller()
#6 /home/mkalister/php/simpleshop/system/CodeIgniter.php(404): CodeIgniter\CodeIgniter->runController()
#7 /home/mkalister/php/simpleshop/system/CodeIgniter.php(312): CodeIgniter\CodeIgniter->handleRequest()
#8 /home/mkalister/php/simpleshop/public/index.php(45): CodeIgniter\CodeIgniter->run()
#9 /home/mkalister/php/simpleshop/system/Commands/Server/rewrite.php(34): require_once('/home/mkalister...')
#10 {main}
