CRITICAL - 2021-04-19 15:54:09 --> Call to undefined method App\Controllers\Usergate::view()
#0 /home/mkalister/php/simpleshop/system/CodeIgniter.php(918): App\Controllers\Usergate->register()
#1 /home/mkalister/php/simpleshop/system/CodeIgniter.php(404): CodeIgniter\CodeIgniter->runController()
#2 /home/mkalister/php/simpleshop/system/CodeIgniter.php(312): CodeIgniter\CodeIgniter->handleRequest()
#3 /home/mkalister/php/simpleshop/public/index.php(45): CodeIgniter\CodeIgniter->run()
#4 /home/mkalister/php/simpleshop/system/Commands/Server/rewrite.php(34): require_once('/home/mkalister...')
#5 {main}
CRITICAL - 2021-04-19 14:13:36 --> Call to undefined function CodeIgniter\CLI\mb_strpos()
#0 C:\Users\11\Documents\GitHub\simpleshop\system\CLI\CLI.php(192): CodeIgniter\CLI\CLI::parseCommandLine()
#1 C:\Users\11\Documents\GitHub\simpleshop\system\CLI\CLI.php(1168): CodeIgniter\CLI\CLI::init()
#2 C:\Users\11\Documents\GitHub\simpleshop\system\Autoloader\Autoloader.php(365): require_once('C:\\Users\\11\\Doc...')
#3 C:\Users\11\Documents\GitHub\simpleshop\system\Autoloader\Autoloader.php(296): CodeIgniter\Autoloader\Autoloader->requireFile('C:\\Users\\11\\Doc...')
#4 C:\Users\11\Documents\GitHub\simpleshop\system\Autoloader\Autoloader.php(258): CodeIgniter\Autoloader\Autoloader->loadInNamespace('CodeIgniter\\CLI...')
#5 [internal function]: CodeIgniter\Autoloader\Autoloader->loadClass('CodeIgniter\\CLI...')
#6 C:\Users\11\Documents\GitHub\simpleshop\system\CLI\Console.php(96): spl_autoload_call('CodeIgniter\\CLI...')
#7 C:\Users\11\Documents\GitHub\simpleshop\spark(54): CodeIgniter\CLI\Console->showHeader()
#8 {main}
CRITICAL - 2021-04-19 14:16:27 --> Call to undefined function mb_strpos()
#0 C:\Users\11\Documents\GitHub\simpleshop\system\CLI\CLI.php(192): CodeIgniter\CLI\CLI::parseCommandLine()
#1 C:\Users\11\Documents\GitHub\simpleshop\system\CLI\CLI.php(1168): CodeIgniter\CLI\CLI::init()
#2 C:\Users\11\Documents\GitHub\simpleshop\system\Autoloader\Autoloader.php(365): require_once('C:\\Users\\11\\Doc...')
#3 C:\Users\11\Documents\GitHub\simpleshop\system\Autoloader\Autoloader.php(296): CodeIgniter\Autoloader\Autoloader->requireFile('C:\\Users\\11\\Doc...')
#4 C:\Users\11\Documents\GitHub\simpleshop\system\Autoloader\Autoloader.php(258): CodeIgniter\Autoloader\Autoloader->loadInNamespace('CodeIgniter\\CLI...')
#5 [internal function]: CodeIgniter\Autoloader\Autoloader->loadClass('CodeIgniter\\CLI...')
#6 C:\Users\11\Documents\GitHub\simpleshop\system\CLI\Console.php(96): spl_autoload_call('CodeIgniter\\CLI...')
#7 C:\Users\11\Documents\GitHub\simpleshop\spark(54): CodeIgniter\CLI\Console->showHeader()
#8 {main}
CRITICAL - 2021-04-19 14:21:43 --> Call to undefined function mb_strpos()
#0 C:\Users\11\Documents\GitHub\simpleshop\system\CLI\CLI.php(192): CodeIgniter\CLI\CLI::parseCommandLine()
#1 C:\Users\11\Documents\GitHub\simpleshop\system\CLI\CLI.php(1168): CodeIgniter\CLI\CLI::init()
#2 C:\Users\11\Documents\GitHub\simpleshop\system\Autoloader\Autoloader.php(365): require_once('C:\\Users\\11\\Doc...')
#3 C:\Users\11\Documents\GitHub\simpleshop\system\Autoloader\Autoloader.php(296): CodeIgniter\Autoloader\Autoloader->requireFile('C:\\Users\\11\\Doc...')
#4 C:\Users\11\Documents\GitHub\simpleshop\system\Autoloader\Autoloader.php(258): CodeIgniter\Autoloader\Autoloader->loadInNamespace('CodeIgniter\\CLI...')
#5 [internal function]: CodeIgniter\Autoloader\Autoloader->loadClass('CodeIgniter\\CLI...')
#6 C:\Users\11\Documents\GitHub\simpleshop\system\CLI\Console.php(96): spl_autoload_call('CodeIgniter\\CLI...')
#7 C:\Users\11\Documents\GitHub\simpleshop\spark(54): CodeIgniter\CLI\Console->showHeader()
#8 {main}
CRITICAL - 2021-04-19 14:22:20 --> Call to undefined function mb_strpos()
#0 C:\Users\11\Documents\GitHub\simpleshop\system\CLI\CLI.php(192): CodeIgniter\CLI\CLI::parseCommandLine()
#1 C:\Users\11\Documents\GitHub\simpleshop\system\CLI\CLI.php(1168): CodeIgniter\CLI\CLI::init()
#2 C:\Users\11\Documents\GitHub\simpleshop\system\Autoloader\Autoloader.php(365): require_once('C:\\Users\\11\\Doc...')
#3 C:\Users\11\Documents\GitHub\simpleshop\system\Autoloader\Autoloader.php(296): CodeIgniter\Autoloader\Autoloader->requireFile('C:\\Users\\11\\Doc...')
#4 C:\Users\11\Documents\GitHub\simpleshop\system\Autoloader\Autoloader.php(258): CodeIgniter\Autoloader\Autoloader->loadInNamespace('CodeIgniter\\CLI...')
#5 [internal function]: CodeIgniter\Autoloader\Autoloader->loadClass('CodeIgniter\\CLI...')
#6 C:\Users\11\Documents\GitHub\simpleshop\system\CLI\Console.php(96): spl_autoload_call('CodeIgniter\\CLI...')
#7 C:\Users\11\Documents\GitHub\simpleshop\spark(54): CodeIgniter\CLI\Console->showHeader()
#8 {main}
