
CRITICAL - 2021-04-25 03:03:55 --> syntax error, unexpected '$model' (T_VARIABLE)
#0 /home/mkalister/php/simpleshop/system/Autoloader/Autoloader.php(296): CodeIgniter\Autoloader\Autoloader->requireFile()
#1 /home/mkalister/php/simpleshop/system/Autoloader/Autoloader.php(258): CodeIgniter\Autoloader\Autoloader->loadInNamespace()
#2 [internal function]: CodeIgniter\Autoloader\Autoloader->loadClass()
#3 /home/mkalister/php/simpleshop/app/Controllers/Home.php(11): spl_autoload_call()
#4 /home/mkalister/php/simpleshop/system/CodeIgniter.php(918): App\Controllers\Home->test_user()
#5 /home/mkalister/php/simpleshop/system/CodeIgniter.php(404): CodeIgniter\CodeIgniter->runController()
#6 /home/mkalister/php/simpleshop/system/CodeIgniter.php(312): CodeIgniter\CodeIgniter->handleRequest()
#7 /home/mkalister/php/simpleshop/public/index.php(45): CodeIgniter\CodeIgniter->run()
#8 /home/mkalister/php/simpleshop/system/Commands/Server/rewrite.php(34): require_once('/home/mkalister...')
#9 {main}
CRITICAL - 2021-04-25 03:06:15 --> syntax error, unexpected '$model' (T_VARIABLE)
#0 /home/mkalister/php/simpleshop/system/Autoloader/Autoloader.php(296): CodeIgniter\Autoloader\Autoloader->requireFile()
#1 /home/mkalister/php/simpleshop/system/Autoloader/Autoloader.php(258): CodeIgniter\Autoloader\Autoloader->loadInNamespace()
#2 [internal function]: CodeIgniter\Autoloader\Autoloader->loadClass()
#3 /home/mkalister/php/simpleshop/app/Controllers/Home.php(11): spl_autoload_call()
#4 /home/mkalister/php/simpleshop/system/CodeIgniter.php(918): App\Controllers\Home->test_user()
#5 /home/mkalister/php/simpleshop/system/CodeIgniter.php(404): CodeIgniter\CodeIgniter->runController()
#6 /home/mkalister/php/simpleshop/system/CodeIgniter.php(312): CodeIgniter\CodeIgniter->handleRequest()
#7 /home/mkalister/php/simpleshop/public/index.php(45): CodeIgniter\CodeIgniter->run()
#8 /home/mkalister/php/simpleshop/system/Commands/Server/rewrite.php(34): require_once('/home/mkalister...')
#9 {main}
CRITICAL - 2021-04-25 03:07:07 --> syntax error, unexpected '$model' (T_VARIABLE)
#0 /home/mkalister/php/simpleshop/system/Autoloader/Autoloader.php(296): CodeIgniter\Autoloader\Autoloader->requireFile()
#1 /home/mkalister/php/simpleshop/system/Autoloader/Autoloader.php(258): CodeIgniter\Autoloader\Autoloader->loadInNamespace()
#2 [internal function]: CodeIgniter\Autoloader\Autoloader->loadClass()
#3 /home/mkalister/php/simpleshop/app/Controllers/Home.php(11): spl_autoload_call()
#4 /home/mkalister/php/simpleshop/system/CodeIgniter.php(918): App\Controllers\Home->test_user()
#5 /home/mkalister/php/simpleshop/system/CodeIgniter.php(404): CodeIgniter\CodeIgniter->runController()
#6 /home/mkalister/php/simpleshop/system/CodeIgniter.php(312): CodeIgniter\CodeIgniter->handleRequest()
#7 /home/mkalister/php/simpleshop/public/index.php(45): CodeIgniter\CodeIgniter->run()
#8 /home/mkalister/php/simpleshop/system/Commands/Server/rewrite.php(34): require_once('/home/mkalister...')
#9 {main}
CRITICAL - 2021-04-25 03:07:38 --> syntax error, unexpected '$model' (T_VARIABLE)
#0 /home/mkalister/php/simpleshop/system/Autoloader/Autoloader.php(296): CodeIgniter\Autoloader\Autoloader->requireFile()
#1 /home/mkalister/php/simpleshop/system/Autoloader/Autoloader.php(258): CodeIgniter\Autoloader\Autoloader->loadInNamespace()
#2 [internal function]: CodeIgniter\Autoloader\Autoloader->loadClass()
#3 /home/mkalister/php/simpleshop/app/Controllers/Home.php(11): spl_autoload_call()
#4 /home/mkalister/php/simpleshop/system/CodeIgniter.php(918): App\Controllers\Home->test_user()
#5 /home/mkalister/php/simpleshop/system/CodeIgniter.php(404): CodeIgniter\CodeIgniter->runController()
#6 /home/mkalister/php/simpleshop/system/CodeIgniter.php(312): CodeIgniter\CodeIgniter->handleRequest()
#7 /home/mkalister/php/simpleshop/public/index.php(45): CodeIgniter\CodeIgniter->run()
#8 /home/mkalister/php/simpleshop/system/Commands/Server/rewrite.php(34): require_once('/home/mkalister...')
#9 {main}
CRITICAL - 2021-04-25 03:07:44 --> syntax error, unexpected '$model' (T_VARIABLE)
#0 /home/mkalister/php/simpleshop/system/Autoloader/Autoloader.php(296): CodeIgniter\Autoloader\Autoloader->requireFile()
#1 /home/mkalister/php/simpleshop/system/Autoloader/Autoloader.php(258): CodeIgniter\Autoloader\Autoloader->loadInNamespace()
#2 [internal function]: CodeIgniter\Autoloader\Autoloader->loadClass()
#3 /home/mkalister/php/simpleshop/app/Controllers/Home.php(11): spl_autoload_call()
#4 /home/mkalister/php/simpleshop/system/CodeIgniter.php(918): App\Controllers\Home->test_user()
#5 /home/mkalister/php/simpleshop/system/CodeIgniter.php(404): CodeIgniter\CodeIgniter->runController()
#6 /home/mkalister/php/simpleshop/system/CodeIgniter.php(312): CodeIgniter\CodeIgniter->handleRequest()
#7 /home/mkalister/php/simpleshop/public/index.php(45): CodeIgniter\CodeIgniter->run()
#8 /home/mkalister/php/simpleshop/system/Commands/Server/rewrite.php(34): require_once('/home/mkalister...')
#9 {main}
CRITICAL - 2021-04-25 03:08:37 --> syntax error, unexpected '}'
#0 /home/mkalister/php/simpleshop/system/Autoloader/Autoloader.php(296): CodeIgniter\Autoloader\Autoloader->requireFile()
#1 /home/mkalister/php/simpleshop/system/Autoloader/Autoloader.php(258): CodeIgniter\Autoloader\Autoloader->loadInNamespace()
#2 [internal function]: CodeIgniter\Autoloader\Autoloader->loadClass()
#3 /home/mkalister/php/simpleshop/app/Controllers/Home.php(11): spl_autoload_call()
#4 /home/mkalister/php/simpleshop/system/CodeIgniter.php(918): App\Controllers\Home->test_user()
#5 /home/mkalister/php/simpleshop/system/CodeIgniter.php(404): CodeIgniter\CodeIgniter->runController()
#6 /home/mkalister/php/simpleshop/system/CodeIgniter.php(312): CodeIgniter\CodeIgniter->handleRequest()
#7 /home/mkalister/php/simpleshop/public/index.php(45): CodeIgniter\CodeIgniter->run()
#8 /home/mkalister/php/simpleshop/system/Commands/Server/rewrite.php(34): require_once('/home/mkalister...')
#9 {main}
CRITICAL - 2021-04-25 03:09:15 --> syntax error, unexpected '$model' (T_VARIABLE)
#0 /home/mkalister/php/simpleshop/system/Autoloader/Autoloader.php(296): CodeIgniter\Autoloader\Autoloader->requireFile()
#1 /home/mkalister/php/simpleshop/system/Autoloader/Autoloader.php(258): CodeIgniter\Autoloader\Autoloader->loadInNamespace()
#2 [internal function]: CodeIgniter\Autoloader\Autoloader->loadClass()
#3 /home/mkalister/php/simpleshop/app/Controllers/Home.php(11): spl_autoload_call()
#4 /home/mkalister/php/simpleshop/system/CodeIgniter.php(918): App\Controllers\Home->test_user()
#5 /home/mkalister/php/simpleshop/system/CodeIgniter.php(404): CodeIgniter\CodeIgniter->runController()
#6 /home/mkalister/php/simpleshop/system/CodeIgniter.php(312): CodeIgniter\CodeIgniter->handleRequest()
#7 /home/mkalister/php/simpleshop/public/index.php(45): CodeIgniter\CodeIgniter->run()
#8 /home/mkalister/php/simpleshop/system/Commands/Server/rewrite.php(34): require_once('/home/mkalister...')
#9 {main}
CRITICAL - 2021-04-25 03:10:32 --> Using $this when not in object context
#0 /home/mkalister/php/simpleshop/app/Controllers/Home.php(11): App\Libraries\User::create()
#1 /home/mkalister/php/simpleshop/system/CodeIgniter.php(918): App\Controllers\Home->test_user()
#2 /home/mkalister/php/simpleshop/system/CodeIgniter.php(404): CodeIgniter\CodeIgniter->runController()
#3 /home/mkalister/php/simpleshop/system/CodeIgniter.php(312): CodeIgniter\CodeIgniter->handleRequest()
#4 /home/mkalister/php/simpleshop/public/index.php(45): CodeIgniter\CodeIgniter->run()
#5 /home/mkalister/php/simpleshop/system/Commands/Server/rewrite.php(34): require_once('/home/mkalister...')
#6 {main}
CRITICAL - 2021-04-25 03:15:06 --> Call to undefined method CodeIgniter\Database\MySQLi\Result::first()
#0 /home/mkalister/php/simpleshop/app/Libraries/User.php(14): App\Libraries\User->__construct()
#1 /home/mkalister/php/simpleshop/app/Controllers/Home.php(11): App\Libraries\User::create()
#2 /home/mkalister/php/simpleshop/system/CodeIgniter.php(918): App\Controllers\Home->test_user()
#3 /home/mkalister/php/simpleshop/system/CodeIgniter.php(404): CodeIgniter\CodeIgniter->runController()
#4 /home/mkalister/php/simpleshop/system/CodeIgniter.php(312): CodeIgniter\CodeIgniter->handleRequest()
#5 /home/mkalister/php/simpleshop/public/index.php(45): CodeIgniter\CodeIgniter->run()
#6 /home/mkalister/php/simpleshop/system/Commands/Server/rewrite.php(34): require_once('/home/mkalister...')
#7 {main}
CRITICAL - 2021-04-25 03:31:22 --> syntax error, unexpected '[', expecting ';' or '{'
#0 /home/mkalister/php/simpleshop/system/Autoloader/Autoloader.php(296): CodeIgniter\Autoloader\Autoloader->requireFile()
#1 /home/mkalister/php/simpleshop/system/Autoloader/Autoloader.php(258): CodeIgniter\Autoloader\Autoloader->loadInNamespace()
#2 [internal function]: CodeIgniter\Autoloader\Autoloader->loadClass()
#3 /home/mkalister/php/simpleshop/app/Controllers/Home.php(11): spl_autoload_call()
#4 /home/mkalister/php/simpleshop/system/CodeIgniter.php(918): App\Controllers\Home->test_user()
#5 /home/mkalister/php/simpleshop/system/CodeIgniter.php(404): CodeIgniter\CodeIgniter->runController()
#6 /home/mkalister/php/simpleshop/system/CodeIgniter.php(312): CodeIgniter\CodeIgniter->handleRequest()
#7 /home/mkalister/php/simpleshop/public/index.php(45): CodeIgniter\CodeIgniter->run()
#8 /home/mkalister/php/simpleshop/system/Commands/Server/rewrite.php(34): require_once('/home/mkalister...')
#9 {main}
CRITICAL - 2021-04-25 03:32:06 --> Call to undefined method App\Libraries\User::from_session()
#0 /home/mkalister/php/simpleshop/system/CodeIgniter.php(918): App\Controllers\Home->test_auth()
#1 /home/mkalister/php/simpleshop/system/CodeIgniter.php(404): CodeIgniter\CodeIgniter->runController()
#2 /home/mkalister/php/simpleshop/system/CodeIgniter.php(312): CodeIgniter\CodeIgniter->handleRequest()
#3 /home/mkalister/php/simpleshop/public/index.php(45): CodeIgniter\CodeIgniter->run()
#4 /home/mkalister/php/simpleshop/system/Commands/Server/rewrite.php(34): require_once('/home/mkalister...')
#5 {main}
