CRITICAL - 2021-04-24 04:15:21 --> Unable to connect to the database.
#0 /home/mkalister/php/simpleshop/system/Database/BaseConnection.php(646): CodeIgniter\Database\BaseConnection->initialize()
#1 /home/mkalister/php/simpleshop/system/Database/BaseBuilder.php(1860): CodeIgniter\Database\BaseConnection->query()
#2 /home/mkalister/php/simpleshop/system/Model.php(462): CodeIgniter\Database\BaseBuilder->get()
#3 /home/mkalister/php/simpleshop/app/Controllers/Usergate.php(8): CodeIgniter\Model->findAll()
#4 /home/mkalister/php/simpleshop/system/CodeIgniter.php(918): App\Controllers\Usergate->register()
#5 /home/mkalister/php/simpleshop/system/CodeIgniter.php(404): CodeIgniter\CodeIgniter->runController()
#6 /home/mkalister/php/simpleshop/system/CodeIgniter.php(312): CodeIgniter\CodeIgniter->handleRequest()
#7 /home/mkalister/php/simpleshop/public/index.php(45): CodeIgniter\CodeIgniter->run()
#8 /home/mkalister/php/simpleshop/system/Commands/Server/rewrite.php(34): require_once('/home/mkalister...')
#9 {main}
CRITICAL - 2021-04-24 04:15:48 --> Unable to connect to the database.
#0 /home/mkalister/php/simpleshop/system/Database/BaseConnection.php(646): CodeIgniter\Database\BaseConnection->initialize()
#1 /home/mkalister/php/simpleshop/system/Database/BaseBuilder.php(1860): CodeIgniter\Database\BaseConnection->query()
#2 /home/mkalister/php/simpleshop/system/Model.php(462): CodeIgniter\Database\BaseBuilder->get()
#3 /home/mkalister/php/simpleshop/app/Controllers/Usergate.php(8): CodeIgniter\Model->findAll()
#4 /home/mkalister/php/simpleshop/system/CodeIgniter.php(918): App\Controllers\Usergate->register()
#5 /home/mkalister/php/simpleshop/system/CodeIgniter.php(404): CodeIgniter\CodeIgniter->runController()
#6 /home/mkalister/php/simpleshop/system/CodeIgniter.php(312): CodeIgniter\CodeIgniter->handleRequest()
#7 /home/mkalister/php/simpleshop/public/index.php(45): CodeIgniter\CodeIgniter->run()
#8 /home/mkalister/php/simpleshop/system/Commands/Server/rewrite.php(34): require_once('/home/mkalister...')
#9 {main}
CRITICAL - 2021-04-24 04:17:26 --> Unable to connect to the database.
#0 /home/mkalister/php/simpleshop/system/Database/BaseConnection.php(646): CodeIgniter\Database\BaseConnection->initialize()
#1 /home/mkalister/php/simpleshop/system/Database/BaseBuilder.php(1860): CodeIgniter\Database\BaseConnection->query()
#2 /home/mkalister/php/simpleshop/system/Model.php(462): CodeIgniter\Database\BaseBuilder->get()
#3 /home/mkalister/php/simpleshop/app/Controllers/Usergate.php(8): CodeIgniter\Model->findAll()
#4 /home/mkalister/php/simpleshop/system/CodeIgniter.php(918): App\Controllers\Usergate->register()
#5 /home/mkalister/php/simpleshop/system/CodeIgniter.php(404): CodeIgniter\CodeIgniter->runController()
#6 /home/mkalister/php/simpleshop/system/CodeIgniter.php(312): CodeIgniter\CodeIgniter->handleRequest()
#7 /home/mkalister/php/simpleshop/public/index.php(45): CodeIgniter\CodeIgniter->run()
#8 /home/mkalister/php/simpleshop/system/Commands/Server/rewrite.php(34): require_once('/home/mkalister...')
#9 {main}
CRITICAL - 2021-04-24 04:22:34 --> Unable to connect to the database.
#0 /home/mkalister/php/simpleshop/system/Database/BaseConnection.php(646): CodeIgniter\Database\BaseConnection->initialize()
#1 /home/mkalister/php/simpleshop/system/Database/BaseBuilder.php(1860): CodeIgniter\Database\BaseConnection->query()
#2 /home/mkalister/php/simpleshop/system/Model.php(462): CodeIgniter\Database\BaseBuilder->get()
#3 /home/mkalister/php/simpleshop/app/Controllers/Usergate.php(8): CodeIgniter\Model->findAll()
#4 /home/mkalister/php/simpleshop/system/CodeIgniter.php(918): App\Controllers\Usergate->register()
#5 /home/mkalister/php/simpleshop/system/CodeIgniter.php(404): CodeIgniter\CodeIgniter->runController()
#6 /home/mkalister/php/simpleshop/system/CodeIgniter.php(312): CodeIgniter\CodeIgniter->handleRequest()
#7 /home/mkalister/php/simpleshop/public/index.php(45): CodeIgniter\CodeIgniter->run()
#8 /home/mkalister/php/simpleshop/system/Commands/Server/rewrite.php(34): require_once('/home/mkalister...')
#9 {main}
CRITICAL - 2021-04-24 04:24:16 --> Unable to connect to the database.
#0 /home/mkalister/php/simpleshop/system/Database/BaseConnection.php(646): CodeIgniter\Database\BaseConnection->initialize()
#1 /home/mkalister/php/simpleshop/system/Database/BaseBuilder.php(1860): CodeIgniter\Database\BaseConnection->query()
#2 /home/mkalister/php/simpleshop/system/Model.php(462): CodeIgniter\Database\BaseBuilder->get()
#3 /home/mkalister/php/simpleshop/app/Controllers/Usergate.php(8): CodeIgniter\Model->findAll()
#4 /home/mkalister/php/simpleshop/system/CodeIgniter.php(918): App\Controllers\Usergate->register()
#5 /home/mkalister/php/simpleshop/system/CodeIgniter.php(404): CodeIgniter\CodeIgniter->runController()
#6 /home/mkalister/php/simpleshop/system/CodeIgniter.php(312): CodeIgniter\CodeIgniter->handleRequest()
#7 /home/mkalister/php/simpleshop/public/index.php(45): CodeIgniter\CodeIgniter->run()
#8 /home/mkalister/php/simpleshop/system/Commands/Server/rewrite.php(34): require_once('/home/mkalister...')
#9 {main}
CRITICAL - 2021-04-24 04:24:35 --> Unable to connect to the database.
#0 /home/mkalister/php/simpleshop/system/Database/BaseConnection.php(646): CodeIgniter\Database\BaseConnection->initialize()
#1 /home/mkalister/php/simpleshop/system/Database/BaseBuilder.php(1860): CodeIgniter\Database\BaseConnection->query()
#2 /home/mkalister/php/simpleshop/system/Model.php(462): CodeIgniter\Database\BaseBuilder->get()
#3 /home/mkalister/php/simpleshop/app/Controllers/Usergate.php(8): CodeIgniter\Model->findAll()
#4 /home/mkalister/php/simpleshop/system/CodeIgniter.php(918): App\Controllers\Usergate->register()
#5 /home/mkalister/php/simpleshop/system/CodeIgniter.php(404): CodeIgniter\CodeIgniter->runController()
#6 /home/mkalister/php/simpleshop/system/CodeIgniter.php(312): CodeIgniter\CodeIgniter->handleRequest()
#7 /home/mkalister/php/simpleshop/public/index.php(45): CodeIgniter\CodeIgniter->run()
#8 /home/mkalister/php/simpleshop/system/Commands/Server/rewrite.php(34): require_once('/home/mkalister...')
#9 {main}
CRITICAL - 2021-04-24 04:27:44 --> Unable to connect to the database.
#0 /home/mkalister/php/simpleshop/system/Database/BaseConnection.php(646): CodeIgniter\Database\BaseConnection->initialize()
#1 /home/mkalister/php/simpleshop/system/Database/BaseBuilder.php(1860): CodeIgniter\Database\BaseConnection->query()
#2 /home/mkalister/php/simpleshop/system/Model.php(462): CodeIgniter\Database\BaseBuilder->get()
#3 /home/mkalister/php/simpleshop/app/Controllers/Usergate.php(8): CodeIgniter\Model->findAll()
#4 /home/mkalister/php/simpleshop/system/CodeIgniter.php(918): App\Controllers\Usergate->register()
#5 /home/mkalister/php/simpleshop/system/CodeIgniter.php(404): CodeIgniter\CodeIgniter->runController()
#6 /home/mkalister/php/simpleshop/system/CodeIgniter.php(312): CodeIgniter\CodeIgniter->handleRequest()
#7 /home/mkalister/php/simpleshop/public/index.php(45): CodeIgniter\CodeIgniter->run()
#8 /home/mkalister/php/simpleshop/system/Commands/Server/rewrite.php(34): require_once('/home/mkalister...')
#9 {main}
CRITICAL - 2021-04-24 07:14:45 --> Class 'App\Controllers\Admin\Admincontroller' not found
#0 /home/mkalister/php/simpleshop/system/Router/Router.php(583): include_once()
#1 /home/mkalister/php/simpleshop/system/Router/Router.php(195): CodeIgniter\Router\Router->autoRoute()
#2 /home/mkalister/php/simpleshop/system/CodeIgniter.php(793): CodeIgniter\Router\Router->handle()
#3 /home/mkalister/php/simpleshop/system/CodeIgniter.php(364): CodeIgniter\CodeIgniter->tryToRouteIt()
#4 /home/mkalister/php/simpleshop/system/CodeIgniter.php(312): CodeIgniter\CodeIgniter->handleRequest()
#5 /home/mkalister/php/simpleshop/public/index.php(45): CodeIgniter\CodeIgniter->run()
#6 /home/mkalister/php/simpleshop/system/Commands/Server/rewrite.php(34): require_once('/home/mkalister...')
#7 {main}
CRITICAL - 2021-04-24 07:23:47 --> Too few arguments to function App\Controllers\Mainpage::show(), 0 passed in /home/mkalister/php/simpleshop/system/CodeIgniter.php on line 918 and exactly 1 expected
#0 /home/mkalister/php/simpleshop/system/CodeIgniter.php(918): App\Controllers\Mainpage->show()
#1 /home/mkalister/php/simpleshop/system/CodeIgniter.php(404): CodeIgniter\CodeIgniter->runController()
#2 /home/mkalister/php/simpleshop/system/CodeIgniter.php(312): CodeIgniter\CodeIgniter->handleRequest()
#3 /home/mkalister/php/simpleshop/public/index.php(45): CodeIgniter\CodeIgniter->run()
#4 /home/mkalister/php/simpleshop/system/Commands/Server/rewrite.php(34): require_once('/home/mkalister...')
#5 {main}
CRITICAL - 2021-04-24 14:14:39 --> Call to a member function library() on null
#0 /home/mkalister/php/simpleshop/system/CodeIgniter.php(918): App\Controllers\Home->test_user()
#1 /home/mkalister/php/simpleshop/system/CodeIgniter.php(404): CodeIgniter\CodeIgniter->runController()
#2 /home/mkalister/php/simpleshop/system/CodeIgniter.php(312): CodeIgniter\CodeIgniter->handleRequest()
#3 /home/mkalister/php/simpleshop/public/index.php(45): CodeIgniter\CodeIgniter->run()
#4 /home/mkalister/php/simpleshop/system/Commands/Server/rewrite.php(34): require_once('/home/mkalister...')
#5 {main}
CRITICAL - 2021-04-24 14:15:58 --> Call to a member function library() on null
#0 /home/mkalister/php/simpleshop/system/CodeIgniter.php(918): App\Controllers\Home->test_user()
#1 /home/mkalister/php/simpleshop/system/CodeIgniter.php(404): CodeIgniter\CodeIgniter->runController()
#2 /home/mkalister/php/simpleshop/system/CodeIgniter.php(312): CodeIgniter\CodeIgniter->handleRequest()
#3 /home/mkalister/php/simpleshop/public/index.php(45): CodeIgniter\CodeIgniter->run()
#4 /home/mkalister/php/simpleshop/system/Commands/Server/rewrite.php(34): require_once('/home/mkalister...')
#5 {main}
CRITICAL - 2021-04-24 14:22:26 --> syntax error, unexpected '$model' (T_VARIABLE)
#0 /home/mkalister/php/simpleshop/system/Autoloader/Autoloader.php(296): CodeIgniter\Autoloader\Autoloader->requireFile()
#1 /home/mkalister/php/simpleshop/system/Autoloader/Autoloader.php(258): CodeIgniter\Autoloader\Autoloader->loadInNamespace()
#2 [internal function]: CodeIgniter\Autoloader\Autoloader->loadClass()
#3 /home/mkalister/php/simpleshop/app/Controllers/Home.php(11): spl_autoload_call()
#4 /home/mkalister/php/simpleshop/system/CodeIgniter.php(918): App\Controllers\Home->test_user()
#5 /home/mkalister/php/simpleshop/system/CodeIgniter.php(404): CodeIgniter\CodeIgniter->runController()
#6 /home/mkalister/php/simpleshop/system/CodeIgniter.php(312): CodeIgniter\CodeIgniter->handleRequest()
#7 /home/mkalister/php/simpleshop/public/index.php(45): CodeIgniter\CodeIgniter->run()
#8 /home/mkalister/php/simpleshop/system/Commands/Server/rewrite.php(34): require_once('/home/mkalister...')
#9 {main}
CRITICAL - 2021-04-24 14:23:05 --> syntax error, unexpected '$model' (T_VARIABLE)
#0 /home/mkalister/php/simpleshop/system/Autoloader/Autoloader.php(296): CodeIgniter\Autoloader\Autoloader->requireFile()
#1 /home/mkalister/php/simpleshop/system/Autoloader/Autoloader.php(258): CodeIgniter\Autoloader\Autoloader->loadInNamespace()
#2 [internal function]: CodeIgniter\Autoloader\Autoloader->loadClass()
#3 /home/mkalister/php/simpleshop/app/Controllers/Home.php(11): spl_autoload_call()
#4 /home/mkalister/php/simpleshop/system/CodeIgniter.php(918): App\Controllers\Home->test_user()
#5 /home/mkalister/php/simpleshop/system/CodeIgniter.php(404): CodeIgniter\CodeIgniter->runController()
#6 /home/mkalister/php/simpleshop/system/CodeIgniter.php(312): CodeIgniter\CodeIgniter->handleRequest()
#7 /home/mkalister/php/simpleshop/public/index.php(45): CodeIgniter\CodeIgniter->run()
#8 /home/mkalister/php/simpleshop/system/Commands/Server/rewrite.php(34): require_once('/home/mkalister...')
#9 {main}
CRITICAL - 2021-04-24 14:23:43 --> syntax error, unexpected '$model' (T_VARIABLE)
#0 /home/mkalister/php/simpleshop/system/Autoloader/Autoloader.php(296): CodeIgniter\Autoloader\Autoloader->requireFile()
#1 /home/mkalister/php/simpleshop/system/Autoloader/Autoloader.php(258): CodeIgniter\Autoloader\Autoloader->loadInNamespace()
#2 [internal function]: CodeIgniter\Autoloader\Autoloader->loadClass()
#3 /home/mkalister/php/simpleshop/app/Controllers/Home.php(11): spl_autoload_call()
#4 /home/mkalister/php/simpleshop/system/CodeIgniter.php(918): App\Controllers\Home->test_user()
#5 /home/mkalister/php/simpleshop/system/CodeIgniter.php(404): CodeIgniter\CodeIgniter->runController()
#6 /home/mkalister/php/simpleshop/system/CodeIgniter.php(312): CodeIgniter\CodeIgniter->handleRequest()
#7 /home/mkalister/php/simpleshop/public/index.php(45): CodeIgniter\CodeIgniter->run()
#8 /home/mkalister/php/simpleshop/system/Commands/Server/rewrite.php(34): require_once('/home/mkalister...')
#9 {main}
CRITICAL - 2021-04-24 14:51:25 --> syntax error, unexpected '$model' (T_VARIABLE)
#0 /home/mkalister/php/simpleshop/system/Autoloader/Autoloader.php(296): CodeIgniter\Autoloader\Autoloader->requireFile()
#1 /home/mkalister/php/simpleshop/system/Autoloader/Autoloader.php(258): CodeIgniter\Autoloader\Autoloader->loadInNamespace()
#2 [internal function]: CodeIgniter\Autoloader\Autoloader->loadClass()
#3 /home/mkalister/php/simpleshop/app/Controllers/Home.php(11): spl_autoload_call()
#4 /home/mkalister/php/simpleshop/system/CodeIgniter.php(918): App\Controllers\Home->test_user()
#5 /home/mkalister/php/simpleshop/system/CodeIgniter.php(404): CodeIgniter\CodeIgniter->runController()
#6 /home/mkalister/php/simpleshop/system/CodeIgniter.php(312): CodeIgniter\CodeIgniter->handleRequest()
#7 /home/mkalister/php/simpleshop/public/index.php(45): CodeIgniter\CodeIgniter->run()
#8 /home/mkalister/php/simpleshop/system/Commands/Server/rewrite.php(34): require_once('/home/mkalister...')
#9 {main}
CRITICAL - 2021-04-24 14:52:10 --> syntax error, unexpected '$model' (T_VARIABLE)
#0 /home/mkalister/php/simpleshop/system/Autoloader/Autoloader.php(296): CodeIgniter\Autoloader\Autoloader->requireFile()
#1 /home/mkalister/php/simpleshop/system/Autoloader/Autoloader.php(258): CodeIgniter\Autoloader\Autoloader->loadInNamespace()
#2 [internal function]: CodeIgniter\Autoloader\Autoloader->loadClass()
#3 /home/mkalister/php/simpleshop/app/Controllers/Home.php(11): spl_autoload_call()
#4 /home/mkalister/php/simpleshop/system/CodeIgniter.php(918): App\Controllers\Home->test_user()
#5 /home/mkalister/php/simpleshop/system/CodeIgniter.php(404): CodeIgniter\CodeIgniter->runController()
#6 /home/mkalister/php/simpleshop/system/CodeIgniter.php(312): CodeIgniter\CodeIgniter->handleRequest()
#7 /home/mkalister/php/simpleshop/public/index.php(45): CodeIgniter\CodeIgniter->run()
#8 /home/mkalister/php/simpleshop/system/Commands/Server/rewrite.php(34): require_once('/home/mkalister...')
#9 {main}
CRITICAL - 2021-04-24 14:53:36 --> syntax error, unexpected '$model' (T_VARIABLE)
#0 /home/mkalister/php/simpleshop/system/Autoloader/Autoloader.php(296): CodeIgniter\Autoloader\Autoloader->requireFile()
#1 /home/mkalister/php/simpleshop/system/Autoloader/Autoloader.php(258): CodeIgniter\Autoloader\Autoloader->loadInNamespace()
#2 [internal function]: CodeIgniter\Autoloader\Autoloader->loadClass()
#3 /home/mkalister/php/simpleshop/app/Controllers/Home.php(11): spl_autoload_call()
#4 /home/mkalister/php/simpleshop/system/CodeIgniter.php(918): App\Controllers\Home->test_user()
#5 /home/mkalister/php/simpleshop/system/CodeIgniter.php(404): CodeIgniter\CodeIgniter->runController()
#6 /home/mkalister/php/simpleshop/system/CodeIgniter.php(312): CodeIgniter\CodeIgniter->handleRequest()
#7 /home/mkalister/php/simpleshop/public/index.php(45): CodeIgniter\CodeIgniter->run()
#8 /home/mkalister/php/simpleshop/system/Commands/Server/rewrite.php(34): require_once('/home/mkalister...')
#9 {main}
CRITICAL - 2021-04-24 14:53:43 --> syntax error, unexpected '$model' (T_VARIABLE)
#0 /home/mkalister/php/simpleshop/system/Autoloader/Autoloader.php(296): CodeIgniter\Autoloader\Autoloader->requireFile()
#1 /home/mkalister/php/simpleshop/system/Autoloader/Autoloader.php(258): CodeIgniter\Autoloader\Autoloader->loadInNamespace()
#2 [internal function]: CodeIgniter\Autoloader\Autoloader->loadClass()
#3 /home/mkalister/php/simpleshop/app/Controllers/Home.php(11): spl_autoload_call()
#4 /home/mkalister/php/simpleshop/system/CodeIgniter.php(918): App\Controllers\Home->test_user()
#5 /home/mkalister/php/simpleshop/system/CodeIgniter.php(404): CodeIgniter\CodeIgniter->runController()
#6 /home/mkalister/php/simpleshop/system/CodeIgniter.php(312): CodeIgniter\CodeIgniter->handleRequest()
#7 /home/mkalister/php/simpleshop/public/index.php(45): CodeIgniter\CodeIgniter->run()
#8 /home/mkalister/php/simpleshop/system/Commands/Server/rewrite.php(34): require_once('/home/mkalister...')
#9 {main}
CRITICAL - 2021-04-24 14:55:52 --> syntax error, unexpected '$model' (T_VARIABLE)
#0 /home/mkalister/php/simpleshop/system/Autoloader/Autoloader.php(296): CodeIgniter\Autoloader\Autoloader->requireFile()
#1 /home/mkalister/php/simpleshop/system/Autoloader/Autoloader.php(258): CodeIgniter\Autoloader\Autoloader->loadInNamespace()
#2 [internal function]: CodeIgniter\Autoloader\Autoloader->loadClass()
#3 /home/mkalister/php/simpleshop/app/Controllers/Home.php(11): spl_autoload_call()
#4 /home/mkalister/php/simpleshop/system/CodeIgniter.php(918): App\Controllers\Home->test_user()
#5 /home/mkalister/php/simpleshop/system/CodeIgniter.php(404): CodeIgniter\CodeIgniter->runController()
#6 /home/mkalister/php/simpleshop/system/CodeIgniter.php(312): CodeIgniter\CodeIgniter->handleRequest()
#7 /home/mkalister/php/simpleshop/public/index.php(45): CodeIgniter\CodeIgniter->run()
#8 /home/mkalister/php/simpleshop/system/Commands/Server/rewrite.php(34): require_once('/home/mkalister...')
#9 {main}
