CRITICAL - 2021-04-27 04:41:42 --> Call to a member function set_role() on null
#0 /home/mkalister/php/simpleshop/system/CodeIgniter.php(918): App\Controllers\Home->test_user()
#1 /home/mkalister/php/simpleshop/system/CodeIgniter.php(404): CodeIgniter\CodeIgniter->runController()
#2 /home/mkalister/php/simpleshop/system/CodeIgniter.php(312): CodeIgniter\CodeIgniter->handleRequest()
#3 /home/mkalister/php/simpleshop/public/index.php(45): CodeIgniter\CodeIgniter->run()
#4 /home/mkalister/php/simpleshop/system/Commands/Server/rewrite.php(34): require_once('/home/mkalister...')
#5 {main}
CRITICAL - 2021-04-27 04:42:13 --> Call to a member function set_role() on null
#0 /home/mkalister/php/simpleshop/system/CodeIgniter.php(918): App\Controllers\Home->test_user()
#1 /home/mkalister/php/simpleshop/system/CodeIgniter.php(404): CodeIgniter\CodeIgniter->runController()
#2 /home/mkalister/php/simpleshop/system/CodeIgniter.php(312): CodeIgniter\CodeIgniter->handleRequest()
#3 /home/mkalister/php/simpleshop/public/index.php(45): CodeIgniter\CodeIgniter->run()
#4 /home/mkalister/php/simpleshop/system/Commands/Server/rewrite.php(34): require_once('/home/mkalister...')
#5 {main}
CRITICAL - 2021-04-27 04:55:41 --> Invalid file: shops.php
#0 /home/mkalister/php/simpleshop/system/View/View.php(228): CodeIgniter\Exceptions\FrameworkException::forInvalidFile()
#1 /home/mkalister/php/simpleshop/system/Common.php(1119): CodeIgniter\View\View->render()
#2 /home/mkalister/php/simpleshop/app/Controllers/Admin/AdminController.php(35): view()
#3 /home/mkalister/php/simpleshop/app/Controllers/Admin/Shops.php(6): App\Controllers\Admin\AdminController->display()
#4 /home/mkalister/php/simpleshop/system/CodeIgniter.php(918): App\Controllers\Admin\Shops->index()
#5 /home/mkalister/php/simpleshop/system/CodeIgniter.php(404): CodeIgniter\CodeIgniter->runController()
#6 /home/mkalister/php/simpleshop/system/CodeIgniter.php(312): CodeIgniter\CodeIgniter->handleRequest()
#7 /home/mkalister/php/simpleshop/public/index.php(45): CodeIgniter\CodeIgniter->run()
#8 /home/mkalister/php/simpleshop/system/Commands/Server/rewrite.php(34): require_once('/home/mkalister...')
#9 {main}
CRITICAL - 2021-04-27 04:56:00 --> Invalid file: shops.php
#0 /home/mkalister/php/simpleshop/system/View/View.php(228): CodeIgniter\Exceptions\FrameworkException::forInvalidFile()
#1 /home/mkalister/php/simpleshop/system/Common.php(1119): CodeIgniter\View\View->render()
#2 /home/mkalister/php/simpleshop/app/Controllers/Admin/AdminController.php(35): view()
#3 /home/mkalister/php/simpleshop/app/Controllers/Admin/Shops.php(6): App\Controllers\Admin\AdminController->display()
#4 /home/mkalister/php/simpleshop/system/CodeIgniter.php(918): App\Controllers\Admin\Shops->index()
#5 /home/mkalister/php/simpleshop/system/CodeIgniter.php(404): CodeIgniter\CodeIgniter->runController()
#6 /home/mkalister/php/simpleshop/system/CodeIgniter.php(312): CodeIgniter\CodeIgniter->handleRequest()
#7 /home/mkalister/php/simpleshop/public/index.php(45): CodeIgniter\CodeIgniter->run()
#8 /home/mkalister/php/simpleshop/system/Commands/Server/rewrite.php(34): require_once('/home/mkalister...')
#9 {main}
CRITICAL - 2021-04-27 04:56:23 --> Invalid file: admin/shops.php
#0 /home/mkalister/php/simpleshop/system/View/View.php(228): CodeIgniter\Exceptions\FrameworkException::forInvalidFile()
#1 /home/mkalister/php/simpleshop/system/Common.php(1119): CodeIgniter\View\View->render()
#2 /home/mkalister/php/simpleshop/app/Controllers/Admin/AdminController.php(35): view()
#3 /home/mkalister/php/simpleshop/app/Controllers/Admin/Shops.php(6): App\Controllers\Admin\AdminController->display()
#4 /home/mkalister/php/simpleshop/system/CodeIgniter.php(918): App\Controllers\Admin\Shops->index()
#5 /home/mkalister/php/simpleshop/system/CodeIgniter.php(404): CodeIgniter\CodeIgniter->runController()
#6 /home/mkalister/php/simpleshop/system/CodeIgniter.php(312): CodeIgniter\CodeIgniter->handleRequest()
#7 /home/mkalister/php/simpleshop/public/index.php(45): CodeIgniter\CodeIgniter->run()
#8 /home/mkalister/php/simpleshop/system/Commands/Server/rewrite.php(34): require_once('/home/mkalister...')
#9 {main}
CRITICAL - 2021-04-27 04:58:11 --> Too few arguments to function App\Libraries\Shop::by_type(), 0 passed in /home/mkalister/php/simpleshop/app/Controllers/Admin/Shops.php on line 6 and exactly 1 expected
#0 /home/mkalister/php/simpleshop/app/Controllers/Admin/Shops.php(6): App\Libraries\Shop::by_type()
#1 /home/mkalister/php/simpleshop/system/CodeIgniter.php(918): App\Controllers\Admin\Shops->index()
#2 /home/mkalister/php/simpleshop/system/CodeIgniter.php(404): CodeIgniter\CodeIgniter->runController()
#3 /home/mkalister/php/simpleshop/system/CodeIgniter.php(312): CodeIgniter\CodeIgniter->handleRequest()
#4 /home/mkalister/php/simpleshop/public/index.php(45): CodeIgniter\CodeIgniter->run()
#5 /home/mkalister/php/simpleshop/system/Commands/Server/rewrite.php(34): require_once('/home/mkalister...')
#6 {main}
CRITICAL - 2021-04-27 05:01:52 --> Call to undefined function App\Libraries\Shop()
#0 /home/mkalister/php/simpleshop/system/CodeIgniter.php(918): App\Controllers\Admin\Shops->show()
#1 /home/mkalister/php/simpleshop/system/CodeIgniter.php(404): CodeIgniter\CodeIgniter->runController()
#2 /home/mkalister/php/simpleshop/system/CodeIgniter.php(312): CodeIgniter\CodeIgniter->handleRequest()
#3 /home/mkalister/php/simpleshop/public/index.php(45): CodeIgniter\CodeIgniter->run()
#4 /home/mkalister/php/simpleshop/system/Commands/Server/rewrite.php(34): require_once('/home/mkalister...')
#5 {main}
CRITICAL - 2021-04-27 05:02:06 --> Argument 1 passed to App\Libraries\Shop::fill_current() must be of the type array, null given, called in /home/mkalister/php/simpleshop/app/Libraries/Shop.php on line 36
#0 /home/mkalister/php/simpleshop/app/Libraries/Shop.php(36): App\Libraries\Shop->fill_current()
#1 /home/mkalister/php/simpleshop/app/Libraries/Shop.php(15): App\Libraries\Shop->from_db()
#2 /home/mkalister/php/simpleshop/app/Controllers/Admin/Shops.php(10): App\Libraries\Shop->__construct()
#3 /home/mkalister/php/simpleshop/system/CodeIgniter.php(918): App\Controllers\Admin\Shops->show()
#4 /home/mkalister/php/simpleshop/system/CodeIgniter.php(404): CodeIgniter\CodeIgniter->runController()
#5 /home/mkalister/php/simpleshop/system/CodeIgniter.php(312): CodeIgniter\CodeIgniter->handleRequest()
#6 /home/mkalister/php/simpleshop/public/index.php(45): CodeIgniter\CodeIgniter->run()
#7 /home/mkalister/php/simpleshop/system/Commands/Server/rewrite.php(34): require_once('/home/mkalister...')
#8 {main}
CRITICAL - 2021-04-27 05:04:03 --> Argument 1 passed to App\Libraries\Shop::fill_current() must be of the type array, null given, called in /home/mkalister/php/simpleshop/app/Libraries/Shop.php on line 39
#0 /home/mkalister/php/simpleshop/app/Libraries/Shop.php(39): App\Libraries\Shop->fill_current()
#1 /home/mkalister/php/simpleshop/app/Libraries/Shop.php(16): App\Libraries\Shop->from_db()
#2 /home/mkalister/php/simpleshop/app/Controllers/Admin/Shops.php(10): App\Libraries\Shop->__construct()
#3 /home/mkalister/php/simpleshop/system/CodeIgniter.php(918): App\Controllers\Admin\Shops->show()
#4 /home/mkalister/php/simpleshop/system/CodeIgniter.php(404): CodeIgniter\CodeIgniter->runController()
#5 /home/mkalister/php/simpleshop/system/CodeIgniter.php(312): CodeIgniter\CodeIgniter->handleRequest()
#6 /home/mkalister/php/simpleshop/public/index.php(45): CodeIgniter\CodeIgniter->run()
#7 /home/mkalister/php/simpleshop/system/Commands/Server/rewrite.php(34): require_once('/home/mkalister...')
#8 {main}
CRITICAL - 2021-04-27 08:06:06 --> Call to undefined method App\Libraries\Shop::by_url()
#0 /home/mkalister/php/simpleshop/system/CodeIgniter.php(918): App\Controllers\Admin\Shops->index()
#1 /home/mkalister/php/simpleshop/system/CodeIgniter.php(404): CodeIgniter\CodeIgniter->runController()
#2 /home/mkalister/php/simpleshop/system/CodeIgniter.php(312): CodeIgniter\CodeIgniter->handleRequest()
#3 /home/mkalister/php/simpleshop/public/index.php(45): CodeIgniter\CodeIgniter->run()
#4 /home/mkalister/php/simpleshop/system/Commands/Server/rewrite.php(34): require_once('/home/mkalister...')
#5 {main}
CRITICAL - 2021-04-27 08:06:27 --> Call to undefined method App\Libraries\Shop::by_url()
#0 /home/mkalister/php/simpleshop/system/CodeIgniter.php(918): App\Controllers\Admin\Shops->index()
#1 /home/mkalister/php/simpleshop/system/CodeIgniter.php(404): CodeIgniter\CodeIgniter->runController()
#2 /home/mkalister/php/simpleshop/system/CodeIgniter.php(312): CodeIgniter\CodeIgniter->handleRequest()
#3 /home/mkalister/php/simpleshop/public/index.php(45): CodeIgniter\CodeIgniter->run()
#4 /home/mkalister/php/simpleshop/system/Commands/Server/rewrite.php(34): require_once('/home/mkalister...')
#5 {main}
CRITICAL - 2021-04-27 08:06:40 --> Argument 1 passed to App\Libraries\Shop::by_url() must be of the type string, null given, called in /home/mkalister/php/simpleshop/app/Controllers/Admin/Shops.php on line 10
#0 /home/mkalister/php/simpleshop/app/Controllers/Admin/Shops.php(10): App\Libraries\Shop::by_url()
#1 /home/mkalister/php/simpleshop/system/CodeIgniter.php(918): App\Controllers\Admin\Shops->index()
#2 /home/mkalister/php/simpleshop/system/CodeIgniter.php(404): CodeIgniter\CodeIgniter->runController()
#3 /home/mkalister/php/simpleshop/system/CodeIgniter.php(312): CodeIgniter\CodeIgniter->handleRequest()
#4 /home/mkalister/php/simpleshop/public/index.php(45): CodeIgniter\CodeIgniter->run()
#5 /home/mkalister/php/simpleshop/system/Commands/Server/rewrite.php(34): require_once('/home/mkalister...')
#6 {main}
CRITICAL - 2021-04-27 08:12:18 --> Argument 2 passed to App\Libraries\User::check_role() must be of the type int, null given, called in /home/mkalister/php/simpleshop/app/Controllers/AccountController.php on line 12
#0 /home/mkalister/php/simpleshop/app/Controllers/AccountController.php(12): App\Libraries\User::check_role()
#1 /home/mkalister/php/simpleshop/system/CodeIgniter.php(891): App\Controllers\AccountController->initController()
#2 /home/mkalister/php/simpleshop/system/CodeIgniter.php(399): CodeIgniter\CodeIgniter->createController()
#3 /home/mkalister/php/simpleshop/system/CodeIgniter.php(312): CodeIgniter\CodeIgniter->handleRequest()
#4 /home/mkalister/php/simpleshop/public/index.php(45): CodeIgniter\CodeIgniter->run()
#5 /home/mkalister/php/simpleshop/system/Commands/Server/rewrite.php(34): require_once('/home/mkalister...')
#6 {main}
CRITICAL - 2021-04-27 08:12:31 --> Argument 2 passed to App\Libraries\User::check_role() must be of the type int, null given, called in /home/mkalister/php/simpleshop/app/Controllers/AccountController.php on line 12
#0 /home/mkalister/php/simpleshop/app/Controllers/AccountController.php(12): App\Libraries\User::check_role()
#1 /home/mkalister/php/simpleshop/system/CodeIgniter.php(891): App\Controllers\AccountController->initController()
#2 /home/mkalister/php/simpleshop/system/CodeIgniter.php(399): CodeIgniter\CodeIgniter->createController()
#3 /home/mkalister/php/simpleshop/system/CodeIgniter.php(312): CodeIgniter\CodeIgniter->handleRequest()
#4 /home/mkalister/php/simpleshop/public/index.php(45): CodeIgniter\CodeIgniter->run()
#5 /home/mkalister/php/simpleshop/system/Commands/Server/rewrite.php(34): require_once('/home/mkalister...')
#6 {main}
CRITICAL - 2021-04-27 12:32:32 --> Class 'Config\Service' not found
#0 /home/mkalister/php/simpleshop/system/CodeIgniter.php(918): App\Controllers\Mainpage->buy()
#1 /home/mkalister/php/simpleshop/system/CodeIgniter.php(404): CodeIgniter\CodeIgniter->runController()
#2 /home/mkalister/php/simpleshop/system/CodeIgniter.php(312): CodeIgniter\CodeIgniter->handleRequest()
#3 /home/mkalister/php/simpleshop/public/index.php(45): CodeIgniter\CodeIgniter->run()
#4 /home/mkalister/php/simpleshop/system/Commands/Server/rewrite.php(34): require_once('/home/mkalister...')
#5 {main}
CRITICAL - 2021-04-27 12:33:07 --> Undefined constant 'App\Models'
#0 /home/mkalister/php/simpleshop/system/Autoloader/Autoloader.php(365): require_once()
#1 /home/mkalister/php/simpleshop/system/Autoloader/Autoloader.php(296): CodeIgniter\Autoloader\Autoloader->requireFile()
#2 /home/mkalister/php/simpleshop/system/Autoloader/Autoloader.php(258): CodeIgniter\Autoloader\Autoloader->loadInNamespace()
#3 [internal function]: CodeIgniter\Autoloader\Autoloader->loadClass()
#4 /home/mkalister/php/simpleshop/app/Libraries/Shop.php(96): spl_autoload_call()
#5 /home/mkalister/php/simpleshop/app/Controllers/Mainpage.php(33): App\Libraries\Shop->request_coupons()
#6 /home/mkalister/php/simpleshop/system/CodeIgniter.php(918): App\Controllers\Mainpage->buy()
#7 /home/mkalister/php/simpleshop/system/CodeIgniter.php(404): CodeIgniter\CodeIgniter->runController()
#8 /home/mkalister/php/simpleshop/system/CodeIgniter.php(312): CodeIgniter\CodeIgniter->handleRequest()
#9 /home/mkalister/php/simpleshop/public/index.php(45): CodeIgniter\CodeIgniter->run()
#10 /home/mkalister/php/simpleshop/system/Commands/Server/rewrite.php(34): require_once('/home/mkalister...')
#11 {main}
CRITICAL - 2021-04-27 12:34:18 --> Undefined constant 'App\Models'
#0 /home/mkalister/php/simpleshop/system/Autoloader/Autoloader.php(365): require_once()
#1 /home/mkalister/php/simpleshop/system/Autoloader/Autoloader.php(296): CodeIgniter\Autoloader\Autoloader->requireFile()
#2 /home/mkalister/php/simpleshop/system/Autoloader/Autoloader.php(258): CodeIgniter\Autoloader\Autoloader->loadInNamespace()
#3 [internal function]: CodeIgniter\Autoloader\Autoloader->loadClass()
#4 /home/mkalister/php/simpleshop/app/Libraries/Shop.php(96): spl_autoload_call()
#5 /home/mkalister/php/simpleshop/app/Controllers/Mainpage.php(33): App\Libraries\Shop->request_coupons()
#6 /home/mkalister/php/simpleshop/system/CodeIgniter.php(918): App\Controllers\Mainpage->buy()
#7 /home/mkalister/php/simpleshop/system/CodeIgniter.php(404): CodeIgniter\CodeIgniter->runController()
#8 /home/mkalister/php/simpleshop/system/CodeIgniter.php(312): CodeIgniter\CodeIgniter->handleRequest()
#9 /home/mkalister/php/simpleshop/public/index.php(45): CodeIgniter\CodeIgniter->run()
#10 /home/mkalister/php/simpleshop/system/Commands/Server/rewrite.php(34): require_once('/home/mkalister...')
#11 {main}
